2024-08-17 22:25:24,460 - INFO - Total deduplicated links: 491
2024-08-17 22:25:24,462 - INFO - Downloading image (xb-7887_00011.jpg):                        http://diglib.hab.de/drucke/xb-7887/00011.jpg to ampullae/xb-7887_00011.jpg
2024-08-17 22:25:25,056 - INFO - Downloading image (xb-7887_00012.jpg):                        http://diglib.hab.de/drucke/xb-7887/00012.jpg to ampullae/xb-7887_00012.jpg
2024-08-17 22:25:27,051 - INFO - Downloading image (196-quod-1s_00043.jpg):                        http://diglib.hab.de/drucke/196-quod-1s/00043.jpg to ampullae/196-quod-1s_00043.jpg
2024-08-17 22:25:28,072 - INFO - Downloading image (109-27-med-1s_00323.jpg):                        http://diglib.hab.de/drucke/109-27-med-1s/00323.jpg to ampullae/109-27-med-1s_00323.jpg
2024-08-17 22:25:28,403 - INFO - Downloading image (109-27-med-1s_00149.jpg):                        http://diglib.hab.de/drucke/109-27-med-1s/00149.jpg to ampullae/109-27-med-1s_00149.jpg
2024-08-17 22:25:29,701 - INFO - Downloading image (xb-3832_00119.jpg):                        http://diglib.hab.de/drucke/xb-3832/00119.jpg to ampullae/xb-3832_00119.jpg
2024-08-17 22:25:31,471 - INFO - Downloading image (47-phys-2f_00063.jpg):                        http://diglib.hab.de/drucke/47-phys-2f/00063.jpg to ampullae/47-phys-2f_00063.jpg
2024-08-17 22:25:32,939 - INFO - Downloading image (xb-7953_00021.jpg):                        http://diglib.hab.de/drucke/xb-7953/00021.jpg to ampullae/xb-7953_00021.jpg
2024-08-17 22:25:35,953 - INFO - Downloading image (nd-351_00006.jpg):                        http://diglib.hab.de/drucke/nd-351/00006.jpg to ampullae/nd-351_00006.jpg
2024-08-17 22:25:40,618 - INFO - Downloading image (nd-4f-18_00400.jpg):                        http://diglib.hab.de/drucke/nd-4f-18/00400.jpg to ampullae/nd-4f-18_00400.jpg
2024-08-17 22:25:40,979 - INFO - Downloading image (oc-77-1_01207.jpg):                        http://diglib.hab.de/drucke/oc-77-1/01207.jpg to ampullae/oc-77-1_01207.jpg
2024-08-17 22:25:41,379 - INFO - Downloading image (nd-2f-1-1b_00973.jpg):                        http://diglib.hab.de/drucke/nd-2f-1-1b/00973.jpg to ampullae/nd-2f-1-1b_00973.jpg
2024-08-17 22:25:41,898 - INFO - Downloading image (38-7-med-1s_00006.jpg):                        http://diglib.hab.de/drucke/38-7-med-1s/00006.jpg to ampullae/38-7-med-1s_00006.jpg
2024-08-17 22:25:42,279 - INFO - Downloading image (xb-6197-2s_00301.jpg):                        http://diglib.hab.de/drucke/xb-6197-2s/00301.jpg to ampullae/xb-6197-2s_00301.jpg
2024-08-17 22:25:43,473 - INFO - Downloading image (46-10-med-1s_00148.jpg):                        http://diglib.hab.de/drucke/46-10-med-1s/00148.jpg to ampullae/46-10-med-1s_00148.jpg
2024-08-17 22:25:43,772 - INFO - Downloading image (54-med-1s_00043.jpg):                        http://diglib.hab.de/drucke/54-med-1s/00043.jpg to ampullae/54-med-1s_00043.jpg
2024-08-17 22:25:44,320 - INFO - Downloading image (54-med-1s_00039.jpg):                        http://diglib.hab.de/drucke/54-med-1s/00039.jpg to ampullae/54-med-1s_00039.jpg
2024-08-17 22:25:44,705 - INFO - Downloading image (xb-9206-1b_00863.jpg):                        http://diglib.hab.de/drucke/xb-9206-1b/00863.jpg to ampullae/xb-9206-1b_00863.jpg
2024-08-17 22:25:45,074 - INFO - Downloading image (89-4-quod-2f-1s_00065.jpg):                        http://diglib.hab.de/drucke/89-4-quod-2f-1s/00065.jpg to ampullae/89-4-quod-2f-1s_00065.jpg
2024-08-17 22:25:46,405 - INFO - Downloading image (35-1-phys-2f-1s_00063.jpg):                        http://diglib.hab.de/drucke/35-1-phys-2f-1s/00063.jpg to ampullae/35-1-phys-2f-1s_00063.jpg
2024-08-17 22:25:46,746 - INFO - Downloading image (35-1-phys-2f-1s_00068.jpg):                        http://diglib.hab.de/drucke/35-1-phys-2f-1s/00068.jpg to ampullae/35-1-phys-2f-1s_00068.jpg
2024-08-17 22:25:47,108 - INFO - Downloading image (35-1-phys-2f-1s_00074.jpg):                        http://diglib.hab.de/drucke/35-1-phys-2f-1s/00074.jpg to ampullae/35-1-phys-2f-1s_00074.jpg
2024-08-17 22:25:48,472 - INFO - Downloading image (xb-4679-2s_00023.jpg):                        http://diglib.hab.de/drucke/xb-4679-2s/00023.jpg to ampullae/xb-4679-2s_00023.jpg
2024-08-17 22:25:48,756 - INFO - Downloading image (xb-4679-2s_00019.jpg):                        http://diglib.hab.de/drucke/xb-4679-2s/00019.jpg to ampullae/xb-4679-2s_00019.jpg
2024-08-17 22:25:50,066 - INFO - Downloading image (153-2-phys_00073.jpg):                        http://diglib.hab.de/drucke/153-2-phys/00073.jpg to ampullae/153-2-phys_00073.jpg
2024-08-17 22:25:50,245 - INFO - Downloading image (153-2-phys_00077.jpg):                        http://diglib.hab.de/drucke/153-2-phys/00077.jpg to ampullae/153-2-phys_00077.jpg
2024-08-17 22:25:50,812 - INFO - Downloading image (mf-4f-3_00017.jpg):                        http://diglib.hab.de/drucke/mf-4f-3/00017.jpg to ampullae/mf-4f-3_00017.jpg
2024-08-17 22:25:51,474 - INFO - Downloading image (nd-782-1_00922a.jpg):                        http://diglib.hab.de/drucke/nd-782-1/00922a.jpg to ampullae/nd-782-1_00922a.jpg
2024-08-17 22:25:51,660 - INFO - Downloading image (552-22-quod_00070.jpg):                        http://diglib.hab.de/drucke/552-22-quod/00070.jpg to ampullae/552-22-quod_00070.jpg
2024-08-17 22:25:52,030 - INFO - Downloading image (47-phys-2f_00060.jpg):                        http://diglib.hab.de/drucke/47-phys-2f/00060.jpg to ampullae/47-phys-2f_00060.jpg
2024-08-17 22:25:52,646 - INFO - Downloading image (xb-88-1_00277.jpg):                        http://diglib.hab.de/drucke/xb-88-1/00277.jpg to ampullae/xb-88-1_00277.jpg
2024-08-17 22:25:54,091 - INFO - Downloading image (xb-4f-8-2_00031.jpg):                        http://diglib.hab.de/drucke/xb-4f-8-2/00031.jpg to ampullae/xb-4f-8-2_00031.jpg
2024-08-17 22:25:54,645 - INFO - Downloading image (95-1-quod-2f-2s_00137.jpg):                        http://diglib.hab.de/drucke/95-1-quod-2f-2s/00137.jpg to ampullae/95-1-quod-2f-2s_00137.jpg
2024-08-17 22:25:57,538 - INFO - Downloading image (95-1-quod-2f-2s_00134.jpg):                        http://diglib.hab.de/drucke/95-1-quod-2f-2s/00134.jpg to ampullae/95-1-quod-2f-2s_00134.jpg
2024-08-17 22:26:00,242 - INFO - Downloading image (95-1-quod-2f-2s_00140.jpg):                        http://diglib.hab.de/drucke/95-1-quod-2f-2s/00140.jpg to ampullae/95-1-quod-2f-2s_00140.jpg
2024-08-17 22:26:00,632 - INFO - Downloading image (35-1-phys-2f-1s_00108.jpg):                        http://diglib.hab.de/drucke/35-1-phys-2f-1s/00108.jpg to ampullae/35-1-phys-2f-1s_00108.jpg
2024-08-17 22:26:05,309 - INFO - Downloading image (35-1-phys-2f-1s_00070.jpg):                        http://diglib.hab.de/drucke/35-1-phys-2f-1s/00070.jpg to ampullae/35-1-phys-2f-1s_00070.jpg
2024-08-17 22:26:06,332 - INFO - Downloading image (35-1-phys-2f-1s_00094.jpg):                        http://diglib.hab.de/drucke/35-1-phys-2f-1s/00094.jpg to ampullae/35-1-phys-2f-1s_00094.jpg
2024-08-17 22:26:06,667 - INFO - Downloading image (74-phys_00446.jpg):                        http://diglib.hab.de/drucke/74-phys/00446.jpg to ampullae/74-phys_00446.jpg
2024-08-17 22:26:06,914 - INFO - Downloading image (54-med-1s_00041.jpg):                        http://diglib.hab.de/drucke/54-med-1s/00041.jpg to ampullae/54-med-1s_00041.jpg
2024-08-17 22:26:07,561 - INFO - Downloading image (54-med-1s_00057.jpg):                        http://diglib.hab.de/drucke/54-med-1s/00057.jpg to ampullae/54-med-1s_00057.jpg
2024-08-17 22:26:12,756 - INFO - Downloading image (54-med-1s_00035.jpg):                        http://diglib.hab.de/drucke/54-med-1s/00035.jpg to ampullae/54-med-1s_00035.jpg
2024-08-17 22:26:13,129 - INFO - Downloading image (218-quod-1s_00003.jpg):                        http://diglib.hab.de/drucke/218-quod-1s/00003.jpg to ampullae/218-quod-1s_00003.jpg
2024-08-17 22:26:15,902 - INFO - Downloading image (na-2f-3-1_00417.jpg):                        http://diglib.hab.de/drucke/na-2f-3-1/00417.jpg to ampullae/na-2f-3-1_00417.jpg
2024-08-17 22:26:16,340 - INFO - Downloading image (nd-4f-18_00553.jpg):                        http://diglib.hab.de/drucke/nd-4f-18/00553.jpg to ampullae/nd-4f-18_00553.jpg
2024-08-17 22:26:18,160 - INFO - Downloading image (nd-4f-18_00414.jpg):                        http://diglib.hab.de/drucke/nd-4f-18/00414.jpg to ampullae/nd-4f-18_00414.jpg
2024-08-17 22:26:20,934 - INFO - Downloading image (nd-4f-18_00411.jpg):                        http://diglib.hab.de/drucke/nd-4f-18/00411.jpg to ampullae/nd-4f-18_00411.jpg
2024-08-17 22:26:21,117 - INFO - Downloading image (nd-4f-18_00417.jpg):                        http://diglib.hab.de/drucke/nd-4f-18/00417.jpg to ampullae/nd-4f-18_00417.jpg
2024-08-17 22:26:21,287 - INFO - Downloading image (xb-4819_00008.jpg):                        http://diglib.hab.de/drucke/xb-4819/00008.jpg to ampullae/xb-4819_00008.jpg
2024-08-17 22:26:21,411 - INFO - Downloading image (nd-2f-1-1b_00981.jpg):                        http://diglib.hab.de/drucke/nd-2f-1-1b/00981.jpg to ampullae/nd-2f-1-1b_00981.jpg
2024-08-17 22:26:21,581 - INFO - Downloading image (mf-2f-6-2b_00055.jpg):                        http://diglib.hab.de/drucke/mf-2f-6-2b/00055.jpg to ampullae/mf-2f-6-2b_00055.jpg
2024-08-17 22:26:21,756 - INFO - Downloading image (218-9-quod-11s_r00001.jpg):                        http://diglib.hab.de/drucke/218-9-quod-11s/r00001.jpg to ampullae/218-9-quod-11s_r00001.jpg
2024-08-17 22:26:21,924 - INFO - Downloading image (nd-779_00102.jpg):                        http://diglib.hab.de/drucke/nd-779/00102.jpg to ampullae/nd-779_00102.jpg
2024-08-17 22:26:22,074 - INFO - Downloading image (nd-779_00242.jpg):                        http://diglib.hab.de/drucke/nd-779/00242.jpg to ampullae/nd-779_00242.jpg
2024-08-17 22:26:22,232 - INFO - Downloading image (xb-12f-161_00140.jpg):                        http://diglib.hab.de/drucke/xb-12f-161/00140.jpg to ampullae/xb-12f-161_00140.jpg
2024-08-17 22:26:22,415 - INFO - Downloading image (xb-4679-2s_00033.jpg):                        http://diglib.hab.de/drucke/xb-4679-2s/00033.jpg to ampullae/xb-4679-2s_00033.jpg
2024-08-17 22:26:22,633 - INFO - Downloading image (mf-4f-3_00312.jpg):                        http://diglib.hab.de/drucke/mf-4f-3/00312.jpg to ampullae/mf-4f-3_00312.jpg
2024-08-17 22:26:22,819 - INFO - Downloading image (24-1-med_00492.jpg):                        http://diglib.hab.de/drucke/24-1-med/00492.jpg to ampullae/24-1-med_00492.jpg
2024-08-17 22:26:22,981 - INFO - Downloading image (35-1-phys-2f-1s_00096.jpg):                        http://diglib.hab.de/drucke/35-1-phys-2f-1s/00096.jpg to ampullae/35-1-phys-2f-1s_00096.jpg
2024-08-17 22:26:23,175 - INFO - Downloading image (35-1-phys-2f-1s_00075.jpg):                        http://diglib.hab.de/drucke/35-1-phys-2f-1s/00075.jpg to ampullae/35-1-phys-2f-1s_00075.jpg
2024-08-17 22:26:23,413 - INFO - Downloading image (89-4-quod-2f-1s_00017.jpg):                        http://diglib.hab.de/drucke/89-4-quod-2f-1s/00017.jpg to ampullae/89-4-quod-2f-1s_00017.jpg
2024-08-17 22:26:23,561 - INFO - Downloading image (xb-7748_00136.jpg):                        http://diglib.hab.de/drucke/xb-7748/00136.jpg to ampullae/xb-7748_00136.jpg
2024-08-17 22:26:23,758 - INFO - Downloading image (109-27-med-1s_00439.jpg):                        http://diglib.hab.de/drucke/109-27-med-1s/00439.jpg to ampullae/109-27-med-1s_00439.jpg
2024-08-17 22:26:23,916 - INFO - Downloading image (109-27-med-1s_00446.jpg):                        http://diglib.hab.de/drucke/109-27-med-1s/00446.jpg to ampullae/109-27-med-1s_00446.jpg
2024-08-17 22:26:24,095 - INFO - Downloading image (nd-783_00114a.jpg):                        http://diglib.hab.de/drucke/nd-783/00114a.jpg to ampullae/nd-783_00114a.jpg
2024-08-17 22:26:24,232 - INFO - Downloading image (153-2-phys_00249.jpg):                        http://diglib.hab.de/drucke/153-2-phys/00249.jpg to ampullae/153-2-phys_00249.jpg
2024-08-17 22:26:24,351 - INFO - Downloading image (nd-2f-1-2b_00622.jpg):                        http://diglib.hab.de/drucke/nd-2f-1-2b/00622.jpg to ampullae/nd-2f-1-2b_00622.jpg
2024-08-17 22:26:24,527 - INFO - Downloading image (mf-2f-6-2b_00071.jpg):                        http://diglib.hab.de/drucke/mf-2f-6-2b/00071.jpg to ampullae/mf-2f-6-2b_00071.jpg
2024-08-17 22:26:24,746 - INFO - Downloading image (mf-2f-6-2b_00065.jpg):                        http://diglib.hab.de/drucke/mf-2f-6-2b/00065.jpg to ampullae/mf-2f-6-2b_00065.jpg
2024-08-17 22:26:24,895 - INFO - Downloading image (mf-2f-6-2b_00057.jpg):                        http://diglib.hab.de/drucke/mf-2f-6-2b/00057.jpg to ampullae/mf-2f-6-2b_00057.jpg
2024-08-17 22:26:25,039 - INFO - Downloading image (mf-2f-6-2b_00819.jpg):                        http://diglib.hab.de/drucke/mf-2f-6-2b/00819.jpg to ampullae/mf-2f-6-2b_00819.jpg
2024-08-17 22:26:25,224 - INFO - Downloading image (54-med-1s_00138.jpg):                        http://diglib.hab.de/drucke/54-med-1s/00138.jpg to ampullae/54-med-1s_00138.jpg
2024-08-17 22:26:25,382 - INFO - Downloading image (54-med-1s_00038.jpg):                        http://diglib.hab.de/drucke/54-med-1s/00038.jpg to ampullae/54-med-1s_00038.jpg
2024-08-17 22:26:25,579 - INFO - Downloading image (54-med-1s_00060.jpg):                        http://diglib.hab.de/drucke/54-med-1s/00060.jpg to ampullae/54-med-1s_00060.jpg
2024-08-17 22:26:25,752 - INFO - Downloading image (xb-6197-2s_00307.jpg):                        http://diglib.hab.de/drucke/xb-6197-2s/00307.jpg to ampullae/xb-6197-2s_00307.jpg
2024-08-17 22:26:25,918 - INFO - Downloading image (xb-6197-2s_00302.jpg):                        http://diglib.hab.de/drucke/xb-6197-2s/00302.jpg to ampullae/xb-6197-2s_00302.jpg
2024-08-17 22:26:26,080 - INFO - Downloading image (nd-2f-1-1b_00565.jpg):                        http://diglib.hab.de/drucke/nd-2f-1-1b/00565.jpg to ampullae/nd-2f-1-1b_00565.jpg
2024-08-17 22:26:26,212 - INFO - Downloading image (nd-2f-1-1b_00977.jpg):                        http://diglib.hab.de/drucke/nd-2f-1-1b/00977.jpg to ampullae/nd-2f-1-1b_00977.jpg
2024-08-17 22:26:26,386 - INFO - Downloading image (nd-2f-1-1b_00979.jpg):                        http://diglib.hab.de/drucke/nd-2f-1-1b/00979.jpg to ampullae/nd-2f-1-1b_00979.jpg
2024-08-17 22:26:26,740 - INFO - Downloading image (nd-2f-1-1b_00971.jpg):                        http://diglib.hab.de/drucke/nd-2f-1-1b/00971.jpg to ampullae/nd-2f-1-1b_00971.jpg
2024-08-17 22:26:26,929 - INFO - Downloading image (nd-2f-1-1b_00975.jpg):                        http://diglib.hab.de/drucke/nd-2f-1-1b/00975.jpg to ampullae/nd-2f-1-1b_00975.jpg
2024-08-17 22:26:27,088 - INFO - Downloading image (oc-77-2_00847.jpg):                        http://diglib.hab.de/drucke/oc-77-2/00847.jpg to ampullae/oc-77-2_00847.jpg
2024-08-17 22:26:27,276 - INFO - Downloading image (xb-7887_00076.jpg):                        http://diglib.hab.de/drucke/xb-7887/00076.jpg to ampullae/xb-7887_00076.jpg
2024-08-17 22:26:27,451 - INFO - Downloading image (xb-7887_00086.jpg):                        http://diglib.hab.de/drucke/xb-7887/00086.jpg to ampullae/xb-7887_00086.jpg
2024-08-17 22:26:27,612 - INFO - Downloading image (xb-7887_00010.jpg):                        http://diglib.hab.de/drucke/xb-7887/00010.jpg to ampullae/xb-7887_00010.jpg
2024-08-17 22:26:27,757 - INFO - Downloading image (na-2f-3-2_00454.jpg):                        http://diglib.hab.de/drucke/na-2f-3-2/00454.jpg to ampullae/na-2f-3-2_00454.jpg
2024-08-17 22:26:27,921 - INFO - Downloading image (hr-424_00349.jpg):                        http://diglib.hab.de/drucke/hr-424/00349.jpg to ampullae/hr-424_00349.jpg
2024-08-17 22:26:28,190 - INFO - Downloading image (nd-4f-18_00574.jpg):                        http://diglib.hab.de/drucke/nd-4f-18/00574.jpg to ampullae/nd-4f-18_00574.jpg
2024-08-17 22:26:28,365 - INFO - Downloading image (nd-4f-18_00416.jpg):                        http://diglib.hab.de/drucke/nd-4f-18/00416.jpg to ampullae/nd-4f-18_00416.jpg
2024-08-17 22:26:28,524 - INFO - Downloading image (nd-4f-18_00418.jpg):                        http://diglib.hab.de/drucke/nd-4f-18/00418.jpg to ampullae/nd-4f-18_00418.jpg
2024-08-17 22:26:28,695 - INFO - Downloading image (96-1-phys_00096.jpg):                        http://diglib.hab.de/drucke/96-1-phys/00096.jpg to ampullae/96-1-phys_00096.jpg
2024-08-17 22:26:28,865 - INFO - Downloading image (nd-779_00115.jpg):                        http://diglib.hab.de/drucke/nd-779/00115.jpg to ampullae/nd-779_00115.jpg
2024-08-17 22:26:29,061 - INFO - Downloading image (xb-12f-161_00075.jpg):                        http://diglib.hab.de/drucke/xb-12f-161/00075.jpg to ampullae/xb-12f-161_00075.jpg
2024-08-17 22:26:29,245 - INFO - Downloading image (3-bell_00395.jpg):                        http://diglib.hab.de/drucke/3-bell/00395.jpg to ampullae/3-bell_00395.jpg
2024-08-17 22:26:29,418 - INFO - Downloading image (47-phys-2f_00058.jpg):                        http://diglib.hab.de/drucke/47-phys-2f/00058.jpg to ampullae/47-phys-2f_00058.jpg
2024-08-17 22:26:29,584 - INFO - Downloading image (xb-3832_00143.jpg):                        http://diglib.hab.de/drucke/xb-3832/00143.jpg to ampullae/xb-3832_00143.jpg
2024-08-17 22:26:29,751 - INFO - Downloading image (oc-77-1_00662.jpg):                        http://diglib.hab.de/drucke/oc-77-1/00662.jpg to ampullae/oc-77-1_00662.jpg
2024-08-17 22:26:29,929 - INFO - Downloading image (oc-77-1_01200.jpg):                        http://diglib.hab.de/drucke/oc-77-1/01200.jpg to ampullae/oc-77-1_01200.jpg
2024-08-17 22:26:30,111 - INFO - Downloading image (oc-77-2_00753.jpg):                        http://diglib.hab.de/drucke/oc-77-2/00753.jpg to ampullae/oc-77-2_00753.jpg
2024-08-17 22:26:30,278 - INFO - Downloading image (na-2f-3-2_00462.jpg):                        http://diglib.hab.de/drucke/na-2f-3-2/00462.jpg to ampullae/na-2f-3-2_00462.jpg
2024-08-17 22:26:30,430 - INFO - Downloading image (95-1-quod-2f-2s_00155.jpg):                        http://diglib.hab.de/drucke/95-1-quod-2f-2s/00155.jpg to ampullae/95-1-quod-2f-2s_00155.jpg
2024-08-17 22:26:30,620 - INFO - Downloading image (35-1-phys-2f-1s_00061.jpg):                        http://diglib.hab.de/drucke/35-1-phys-2f-1s/00061.jpg to ampullae/35-1-phys-2f-1s_00061.jpg
2024-08-17 22:26:30,813 - INFO - Downloading image (35-1-phys-2f-1s_00062.jpg):                        http://diglib.hab.de/drucke/35-1-phys-2f-1s/00062.jpg to ampullae/35-1-phys-2f-1s_00062.jpg
2024-08-17 22:26:30,969 - INFO - Downloading image (35-1-phys-2f-1s_00133.jpg):                        http://diglib.hab.de/drucke/35-1-phys-2f-1s/00133.jpg to ampullae/35-1-phys-2f-1s_00133.jpg
2024-08-17 22:26:31,190 - INFO - Downloading image (109-27-med-1s_00170.jpg):                        http://diglib.hab.de/drucke/109-27-med-1s/00170.jpg to ampullae/109-27-med-1s_00170.jpg
2024-08-17 22:26:31,342 - INFO - Downloading image (109-27-med-1s_00153.jpg):                        http://diglib.hab.de/drucke/109-27-med-1s/00153.jpg to ampullae/109-27-med-1s_00153.jpg
2024-08-17 22:26:31,490 - INFO - Downloading image (nd-2f-1-2b_00094.jpg):                        http://diglib.hab.de/drucke/nd-2f-1-2b/00094.jpg to ampullae/nd-2f-1-2b_00094.jpg
2024-08-17 22:26:31,639 - INFO - Downloading image (mf-2f-6-2b_00061.jpg):                        http://diglib.hab.de/drucke/mf-2f-6-2b/00061.jpg to ampullae/mf-2f-6-2b_00061.jpg
2024-08-17 22:26:31,807 - INFO - Downloading image (nd-2f-1-1b_00965.jpg):                        http://diglib.hab.de/drucke/nd-2f-1-1b/00965.jpg to ampullae/nd-2f-1-1b_00965.jpg
2024-08-17 22:26:32,099 - INFO - Downloading image (nd-2f-1-1b_00985.jpg):                        http://diglib.hab.de/drucke/nd-2f-1-1b/00985.jpg to ampullae/nd-2f-1-1b_00985.jpg
2024-08-17 22:26:32,255 - INFO - Downloading image (nd-2f-1-1b_00987.jpg):                        http://diglib.hab.de/drucke/nd-2f-1-1b/00987.jpg to ampullae/nd-2f-1-1b_00987.jpg
2024-08-17 22:26:32,414 - INFO - Downloading image (74-phys_00661.jpg):                        http://diglib.hab.de/drucke/74-phys/00661.jpg to ampullae/74-phys_00661.jpg
2024-08-17 22:26:32,569 - INFO - Downloading image (54-med-1s_00144.jpg):                        http://diglib.hab.de/drucke/54-med-1s/00144.jpg to ampullae/54-med-1s_00144.jpg
2024-08-17 22:26:32,751 - INFO - Downloading image (54-med-1s_00037.jpg):                        http://diglib.hab.de/drucke/54-med-1s/00037.jpg to ampullae/54-med-1s_00037.jpg
2024-08-17 22:26:33,039 - INFO - Downloading image (54-med-1s_00063.jpg):                        http://diglib.hab.de/drucke/54-med-1s/00063.jpg to ampullae/54-med-1s_00063.jpg
2024-08-17 22:26:33,191 - INFO - Downloading image (mf-4f-3_00027.jpg):                        http://diglib.hab.de/drucke/mf-4f-3/00027.jpg to ampullae/mf-4f-3_00027.jpg
2024-08-17 22:26:33,351 - INFO - Downloading image (46-10-med-1s_00147.jpg):                        http://diglib.hab.de/drucke/46-10-med-1s/00147.jpg to ampullae/46-10-med-1s_00147.jpg
2024-08-17 22:26:33,497 - INFO - Downloading image (xb-4679-2s_00025.jpg):                        http://diglib.hab.de/drucke/xb-4679-2s/00025.jpg to ampullae/xb-4679-2s_00025.jpg
2024-08-17 22:26:33,671 - INFO - Downloading image (xb-4679-2s_00029.jpg):                        http://diglib.hab.de/drucke/xb-4679-2s/00029.jpg to ampullae/xb-4679-2s_00029.jpg
2024-08-17 22:26:33,824 - INFO - Downloading image (nd-4f-18_00397.jpg):                        http://diglib.hab.de/drucke/nd-4f-18/00397.jpg to ampullae/nd-4f-18_00397.jpg
2024-08-17 22:26:34,004 - INFO - Downloading image (nd-4f-18_00408.jpg):                        http://diglib.hab.de/drucke/nd-4f-18/00408.jpg to ampullae/nd-4f-18_00408.jpg
2024-08-17 22:26:34,184 - INFO - Downloading image (nd-4f-18_00576.jpg):                        http://diglib.hab.de/drucke/nd-4f-18/00576.jpg to ampullae/nd-4f-18_00576.jpg
2024-08-17 22:26:34,360 - INFO - Downloading image (nd-4f-18_00571.jpg):                        http://diglib.hab.de/drucke/nd-4f-18/00571.jpg to ampullae/nd-4f-18_00571.jpg
2024-08-17 22:26:34,536 - INFO - Downloading image (nd-4f-18_00572.jpg):                        http://diglib.hab.de/drucke/nd-4f-18/00572.jpg to ampullae/nd-4f-18_00572.jpg
2024-08-17 22:26:34,717 - INFO - Downloading image (nd-4f-18_00409.jpg):                        http://diglib.hab.de/drucke/nd-4f-18/00409.jpg to ampullae/nd-4f-18_00409.jpg
2024-08-17 22:26:35,051 - INFO - Downloading image (xb-4819_00023.jpg):                        http://diglib.hab.de/drucke/xb-4819/00023.jpg to ampullae/xb-4819_00023.jpg
2024-08-17 22:26:35,206 - INFO - Downloading image (153-2-phys_00041.jpg):                        http://diglib.hab.de/drucke/153-2-phys/00041.jpg to ampullae/153-2-phys_00041.jpg
2024-08-17 22:26:35,335 - INFO - Downloading image (ma-149-1s_00777.jpg):                        http://diglib.hab.de/drucke/ma-149-1s/00777.jpg to ampullae/ma-149-1s_00777.jpg
2024-08-17 22:26:35,491 - INFO - Downloading image (218-quod-1s_00040.jpg):                        http://diglib.hab.de/drucke/218-quod-1s/00040.jpg to ampullae/218-quod-1s_00040.jpg
2024-08-17 22:26:35,656 - INFO - Downloading image (46-2-med-1s_eb03.jpg):                        http://diglib.hab.de/drucke/46-2-med-1s/eb03.jpg to ampullae/46-2-med-1s_eb03.jpg
2024-08-17 22:26:35,809 - INFO - Downloading image (oc-77-1_01224.jpg):                        http://diglib.hab.de/drucke/oc-77-1/01224.jpg to ampullae/oc-77-1_01224.jpg
2024-08-17 22:26:35,978 - INFO - Downloading image (xb-4819_00009.jpg):                        http://diglib.hab.de/drucke/xb-4819/00009.jpg to ampullae/xb-4819_00009.jpg
2024-08-17 22:26:36,123 - INFO - Downloading image (xb-4819_00012.jpg):                        http://diglib.hab.de/drucke/xb-4819/00012.jpg to ampullae/xb-4819_00012.jpg
2024-08-17 22:26:36,264 - INFO - Downloading image (mf-2f-6-2b_00063.jpg):                        http://diglib.hab.de/drucke/mf-2f-6-2b/00063.jpg to ampullae/mf-2f-6-2b_00063.jpg
2024-08-17 22:26:36,482 - INFO - Downloading image (xb-12f-161_00126.jpg):                        http://diglib.hab.de/drucke/xb-12f-161/00126.jpg to ampullae/xb-12f-161_00126.jpg
2024-08-17 22:26:36,635 - INFO - Downloading image (mf-4f-3_00016.jpg):                        http://diglib.hab.de/drucke/mf-4f-3/00016.jpg to ampullae/mf-4f-3_00016.jpg
2024-08-17 22:26:36,792 - INFO - Downloading image (54-med-1s_00049.jpg):                        http://diglib.hab.de/drucke/54-med-1s/00049.jpg to ampullae/54-med-1s_00049.jpg
2024-08-17 22:26:36,934 - INFO - Downloading image (54-med-1s_00058.jpg):                        http://diglib.hab.de/drucke/54-med-1s/00058.jpg to ampullae/54-med-1s_00058.jpg
2024-08-17 22:26:37,080 - INFO - Downloading image (54-med-1s_00059.jpg):                        http://diglib.hab.de/drucke/54-med-1s/00059.jpg to ampullae/54-med-1s_00059.jpg
2024-08-17 22:26:37,236 - INFO - Downloading image (nd-283-2s_00176.jpg):                        http://diglib.hab.de/drucke/nd-283-2s/00176.jpg to ampullae/nd-283-2s_00176.jpg
2024-08-17 22:26:37,398 - INFO - Downloading image (74-phys_00456.jpg):                        http://diglib.hab.de/drucke/74-phys/00456.jpg to ampullae/74-phys_00456.jpg
2024-08-17 22:26:37,537 - INFO - Downloading image (xb-6197-2s_00413.jpg):                        http://diglib.hab.de/drucke/xb-6197-2s/00413.jpg to ampullae/xb-6197-2s_00413.jpg
2024-08-17 22:26:37,708 - INFO - Downloading image (nd-14-1s_00066.jpg):                        http://diglib.hab.de/drucke/nd-14-1s/00066.jpg to ampullae/nd-14-1s_00066.jpg
2024-08-17 22:26:37,878 - INFO - Downloading image (xb-4679-2s_00037.jpg):                        http://diglib.hab.de/drucke/xb-4679-2s/00037.jpg to ampullae/xb-4679-2s_00037.jpg
2024-08-17 22:26:38,027 - INFO - Downloading image (xb-4679-2s_00042.jpg):                        http://diglib.hab.de/drucke/xb-4679-2s/00042.jpg to ampullae/xb-4679-2s_00042.jpg
2024-08-17 22:26:38,183 - INFO - Downloading image (24-1-med_00491.jpg):                        http://diglib.hab.de/drucke/24-1-med/00491.jpg to ampullae/24-1-med_00491.jpg
2024-08-17 22:26:38,375 - INFO - Downloading image (xb-7887_00009.jpg):                        http://diglib.hab.de/drucke/xb-7887/00009.jpg to ampullae/xb-7887_00009.jpg
2024-08-17 22:26:38,542 - INFO - Downloading image (xb-7887_00013.jpg):                        http://diglib.hab.de/drucke/xb-7887/00013.jpg to ampullae/xb-7887_00013.jpg
2024-08-17 22:26:38,686 - INFO - Downloading image (xb-7887_00014.jpg):                        http://diglib.hab.de/drucke/xb-7887/00014.jpg to ampullae/xb-7887_00014.jpg
2024-08-17 22:26:38,869 - INFO - Downloading image (xb-7887_00015.jpg):                        http://diglib.hab.de/drucke/xb-7887/00015.jpg to ampullae/xb-7887_00015.jpg
2024-08-17 22:26:39,046 - INFO - Downloading image (46-phys-2s_00019.jpg):                        http://diglib.hab.de/drucke/46-phys-2s/00019.jpg to ampullae/46-phys-2s_00019.jpg
2024-08-17 22:26:39,239 - INFO - Downloading image (nd-4f-18_00401.jpg):                        http://diglib.hab.de/drucke/nd-4f-18/00401.jpg to ampullae/nd-4f-18_00401.jpg
2024-08-17 22:26:39,401 - INFO - Downloading image (nd-4f-18_00615.jpg):                        http://diglib.hab.de/drucke/nd-4f-18/00615.jpg to ampullae/nd-4f-18_00615.jpg
2024-08-17 22:26:39,566 - INFO - Downloading image (nd-4f-18_00558.jpg):                        http://diglib.hab.de/drucke/nd-4f-18/00558.jpg to ampullae/nd-4f-18_00558.jpg
2024-08-17 22:26:39,733 - INFO - Downloading image (nd-4f-18_00551.jpg):                        http://diglib.hab.de/drucke/nd-4f-18/00551.jpg to ampullae/nd-4f-18_00551.jpg
2024-08-17 22:26:39,905 - INFO - Downloading image (nd-4f-18_00552.jpg):                        http://diglib.hab.de/drucke/nd-4f-18/00552.jpg to ampullae/nd-4f-18_00552.jpg
2024-08-17 22:26:40,076 - INFO - Downloading image (nd-4f-18_00573.jpg):                        http://diglib.hab.de/drucke/nd-4f-18/00573.jpg to ampullae/nd-4f-18_00573.jpg
2024-08-17 22:26:40,231 - INFO - Downloading image (nd-4f-18_00563.jpg):                        http://diglib.hab.de/drucke/nd-4f-18/00563.jpg to ampullae/nd-4f-18_00563.jpg
2024-08-17 22:26:40,414 - INFO - Downloading image (nd-4f-18_00564.jpg):                        http://diglib.hab.de/drucke/nd-4f-18/00564.jpg to ampullae/nd-4f-18_00564.jpg
2024-08-17 22:26:40,571 - INFO - Downloading image (nd-2f-1-1b_00983.jpg):                        http://diglib.hab.de/drucke/nd-2f-1-1b/00983.jpg to ampullae/nd-2f-1-1b_00983.jpg
2024-08-17 22:26:40,714 - INFO - Downloading image (xb-4f-8-2_00193.jpg):                        http://diglib.hab.de/drucke/xb-4f-8-2/00193.jpg to ampullae/xb-4f-8-2_00193.jpg
2024-08-17 22:26:40,868 - INFO - Downloading image (xb-4f-8-2_00192.jpg):                        http://diglib.hab.de/drucke/xb-4f-8-2/00192.jpg to ampullae/xb-4f-8-2_00192.jpg
2024-08-17 22:26:41,050 - INFO - Downloading image (35-1-phys-2f-1s_00064.jpg):                        http://diglib.hab.de/drucke/35-1-phys-2f-1s/00064.jpg to ampullae/35-1-phys-2f-1s_00064.jpg
2024-08-17 22:26:41,211 - INFO - Downloading image (35-1-phys-2f-1s_00136.jpg):                        http://diglib.hab.de/drucke/35-1-phys-2f-1s/00136.jpg to ampullae/35-1-phys-2f-1s_00136.jpg
2024-08-17 22:26:41,378 - INFO - Downloading image (35-1-phys-2f-1s_00128.jpg):                        http://diglib.hab.de/drucke/35-1-phys-2f-1s/00128.jpg to ampullae/35-1-phys-2f-1s_00128.jpg
2024-08-17 22:26:41,664 - INFO - Downloading image (89-4-quod-2f-1s_00014.jpg):                        http://diglib.hab.de/drucke/89-4-quod-2f-1s/00014.jpg to ampullae/89-4-quod-2f-1s_00014.jpg
2024-08-17 22:26:42,106 - INFO - Downloading image (47-phys-2f_00052.jpg):                        http://diglib.hab.de/drucke/47-phys-2f/00052.jpg to ampullae/47-phys-2f_00052.jpg
2024-08-17 22:26:42,569 - INFO - Downloading image (xb-3832_00139.jpg):                        http://diglib.hab.de/drucke/xb-3832/00139.jpg to ampullae/xb-3832_00139.jpg
2024-08-17 22:26:42,809 - INFO - Downloading image (218-quod-1s_00078.jpg):                        http://diglib.hab.de/drucke/218-quod-1s/00078.jpg to ampullae/218-quod-1s_00078.jpg
2024-08-17 22:26:42,965 - INFO - Downloading image (218-quod-1s_00069.jpg):                        http://diglib.hab.de/drucke/218-quod-1s/00069.jpg to ampullae/218-quod-1s_00069.jpg
2024-08-17 22:26:43,111 - INFO - Downloading image (n-96-4f-helmst-6s_00001.jpg):                        http://diglib.hab.de/drucke/n-96-4f-helmst-6s/00001.jpg to ampullae/n-96-4f-helmst-6s_00001.jpg
2024-08-17 22:26:43,297 - INFO - Downloading image (3-bell_00117.jpg):                        http://diglib.hab.de/drucke/3-bell/00117.jpg to ollae/3-bell_00117.jpg
2024-08-17 22:26:43,475 - INFO - Downloading image (95-1-quod-2f-2s_00194.jpg):                        http://diglib.hab.de/drucke/95-1-quod-2f-2s/00194.jpg to ollae/95-1-quod-2f-2s_00194.jpg
2024-08-17 22:26:43,662 - INFO - Downloading image (95-1-quod-2f-2s_00172.jpg):                        http://diglib.hab.de/drucke/95-1-quod-2f-2s/00172.jpg to ollae/95-1-quod-2f-2s_00172.jpg
2024-08-17 22:26:43,848 - INFO - Downloading image (mf-4f-3_00015.jpg):                        http://diglib.hab.de/drucke/mf-4f-3/00015.jpg to ollae/mf-4f-3_00015.jpg
2024-08-17 22:26:44,034 - INFO - Downloading image (46-10-med-1s_00270.jpg):                        http://diglib.hab.de/drucke/46-10-med-1s/00270.jpg to ollae/46-10-med-1s_00270.jpg
2024-08-17 22:26:44,237 - INFO - Downloading image (nd-4f-18_00392.jpg):                        http://diglib.hab.de/drucke/nd-4f-18/00392.jpg to ollae/nd-4f-18_00392.jpg
2024-08-17 22:26:44,420 - INFO - Downloading image (nd-4f-18_00390.jpg):                        http://diglib.hab.de/drucke/nd-4f-18/00390.jpg to ollae/nd-4f-18_00390.jpg
2024-08-17 22:26:44,604 - INFO - Downloading image (nd-4f-18_00376.jpg):                        http://diglib.hab.de/drucke/nd-4f-18/00376.jpg to ollae/nd-4f-18_00376.jpg
2024-08-17 22:26:44,769 - INFO - Downloading image (nd-4f-18_00510.jpg):                        http://diglib.hab.de/drucke/nd-4f-18/00510.jpg to ollae/nd-4f-18_00510.jpg
2024-08-17 22:26:44,936 - INFO - Downloading image (nd-4f-18_00369.jpg):                        http://diglib.hab.de/drucke/nd-4f-18/00369.jpg to ollae/nd-4f-18_00369.jpg
2024-08-17 22:26:45,125 - INFO - Downloading image (nd-4f-18_00344.jpg):                        http://diglib.hab.de/drucke/nd-4f-18/00344.jpg to ollae/nd-4f-18_00344.jpg
2024-08-17 22:26:45,260 - INFO - Downloading image (nd-4f-18_00353.jpg):                        http://diglib.hab.de/drucke/nd-4f-18/00353.jpg to ollae/nd-4f-18_00353.jpg
2024-08-17 22:26:45,422 - INFO - Downloading image (mf-4f-3_00026.jpg):                        http://diglib.hab.de/drucke/mf-4f-3/00026.jpg to ollae/mf-4f-3_00026.jpg
2024-08-17 22:26:45,591 - INFO - Downloading image (xb-4f-8-2_00030.jpg):                        http://diglib.hab.de/drucke/xb-4f-8-2/00030.jpg to ollae/xb-4f-8-2_00030.jpg
2024-08-17 22:26:45,730 - INFO - Downloading image (89-4-quod-2f-1s_00013.jpg):                        http://diglib.hab.de/drucke/89-4-quod-2f-1s/00013.jpg to ollae/89-4-quod-2f-1s_00013.jpg
2024-08-17 22:26:45,871 - INFO - Downloading image (95-1-quod-2f-2s_00184.jpg):                        http://diglib.hab.de/drucke/95-1-quod-2f-2s/00184.jpg to ollae/95-1-quod-2f-2s_00184.jpg
2024-08-17 22:26:46,059 - INFO - Downloading image (95-1-quod-2f-2s_00030.jpg):                        http://diglib.hab.de/drucke/95-1-quod-2f-2s/00030.jpg to ollae/95-1-quod-2f-2s_00030.jpg
2024-08-17 22:26:46,221 - INFO - Downloading image (95-1-quod-2f-2s_00031.jpg):                        http://diglib.hab.de/drucke/95-1-quod-2f-2s/00031.jpg to ollae/95-1-quod-2f-2s_00031.jpg
2024-08-17 22:26:46,489 - INFO - Downloading image (95-1-quod-2f-2s_00169.jpg):                        http://diglib.hab.de/drucke/95-1-quod-2f-2s/00169.jpg to ollae/95-1-quod-2f-2s_00169.jpg
2024-08-17 22:26:46,659 - INFO - Downloading image (95-1-quod-2f-2s_00167.jpg):                        http://diglib.hab.de/drucke/95-1-quod-2f-2s/00167.jpg to ollae/95-1-quod-2f-2s_00167.jpg
2024-08-17 22:26:46,850 - INFO - Downloading image (3-bell_00139.jpg):                        http://diglib.hab.de/drucke/3-bell/00139.jpg to ollae/3-bell_00139.jpg
2024-08-17 22:26:46,983 - INFO - Downloading image (52-med-4s_00002.jpg):                        http://diglib.hab.de/drucke/52-med-4s/00002.jpg to ollae/52-med-4s_00002.jpg
2024-08-17 22:26:47,124 - INFO - Downloading image (mf-12_00005.jpg):                        http://diglib.hab.de/drucke/mf-12/00005.jpg to ollae/mf-12_00005.jpg
2024-08-17 22:26:47,284 - INFO - Downloading image (95-1-quod-2f-2s_00071.jpg):                        http://diglib.hab.de/drucke/95-1-quod-2f-2s/00071.jpg to ollae/95-1-quod-2f-2s_00071.jpg
2024-08-17 22:26:47,441 - INFO - Downloading image (95-1-quod-2f-2s_00025.jpg):                        http://diglib.hab.de/drucke/95-1-quod-2f-2s/00025.jpg to ollae/95-1-quod-2f-2s_00025.jpg
2024-08-17 22:26:47,609 - INFO - Downloading image (od-216_00355.jpg):                        http://diglib.hab.de/drucke/od-216/00355.jpg to ollae/od-216_00355.jpg
2024-08-17 22:26:47,756 - INFO - Downloading image (na-2f-3-2_00199.jpg):                        http://diglib.hab.de/drucke/na-2f-3-2/00199.jpg to ollae/na-2f-3-2_00199.jpg
2024-08-17 22:26:47,929 - INFO - Downloading image (nd-4f-18_00389.jpg):                        http://diglib.hab.de/drucke/nd-4f-18/00389.jpg to ollae/nd-4f-18_00389.jpg
2024-08-17 22:26:48,110 - INFO - Downloading image (xb-12f-161_00120.jpg):                        http://diglib.hab.de/drucke/xb-12f-161/00120.jpg to ollae/xb-12f-161_00120.jpg
2024-08-17 22:26:48,283 - INFO - Downloading image (3-bell_00202.jpg):                        http://diglib.hab.de/drucke/3-bell/00202.jpg to ollae/3-bell_00202.jpg
2024-08-17 22:26:48,427 - INFO - Downloading image (3-bell_00223.jpg):                        http://diglib.hab.de/drucke/3-bell/00223.jpg to ollae/3-bell_00223.jpg
2024-08-17 22:26:48,592 - INFO - Downloading image (3-bell_00398.jpg):                        http://diglib.hab.de/drucke/3-bell/00398.jpg to ollae/3-bell_00398.jpg
2024-08-17 22:26:48,741 - INFO - Downloading image (xb-4f-8-2_00029.jpg):                        http://diglib.hab.de/drucke/xb-4f-8-2/00029.jpg to ollae/xb-4f-8-2_00029.jpg
2024-08-17 22:26:48,895 - INFO - Downloading image (95-1-quod-2f-2s_00232.jpg):                        http://diglib.hab.de/drucke/95-1-quod-2f-2s/00232.jpg to ollae/95-1-quod-2f-2s_00232.jpg
2024-08-17 22:26:49,182 - INFO - Downloading image (95-1-quod-2f-2s_00204.jpg):                        http://diglib.hab.de/drucke/95-1-quod-2f-2s/00204.jpg to ollae/95-1-quod-2f-2s_00204.jpg
2024-08-17 22:26:49,356 - INFO - Downloading image (na-2f-3-2_00458.jpg):                        http://diglib.hab.de/drucke/na-2f-3-2/00458.jpg to ollae/na-2f-3-2_00458.jpg
2024-08-17 22:26:49,643 - INFO - Downloading image (nd-4f-18_00388.jpg):                        http://diglib.hab.de/drucke/nd-4f-18/00388.jpg to ollae/nd-4f-18_00388.jpg
2024-08-17 22:26:49,802 - INFO - Downloading image (nd-4f-18_00374.jpg):                        http://diglib.hab.de/drucke/nd-4f-18/00374.jpg to ollae/nd-4f-18_00374.jpg
2024-08-17 22:26:49,963 - INFO - Downloading image (nd-4f-18_00349.jpg):                        http://diglib.hab.de/drucke/nd-4f-18/00349.jpg to ollae/nd-4f-18_00349.jpg
2024-08-17 22:26:50,127 - INFO - Downloading image (nd-4f-18_00493.jpg):                        http://diglib.hab.de/drucke/nd-4f-18/00493.jpg to ollae/nd-4f-18_00493.jpg
2024-08-17 22:26:50,288 - INFO - Downloading image (xb-4819_00015.jpg):                        http://diglib.hab.de/drucke/xb-4819/00015.jpg to ollae/xb-4819_00015.jpg
2024-08-17 22:26:50,449 - INFO - Downloading image (mf-2f-6-2b_01149.jpg):                        http://diglib.hab.de/drucke/mf-2f-6-2b/01149.jpg to ollae/mf-2f-6-2b_01149.jpg
2024-08-17 22:26:50,592 - INFO - Downloading image (xb-9206-1b_00687.jpg):                        http://diglib.hab.de/drucke/xb-9206-1b/00687.jpg to ollae/xb-9206-1b_00687.jpg
2024-08-17 22:26:50,731 - INFO - Downloading image (nd-4f-18_00360.jpg):                        http://diglib.hab.de/drucke/nd-4f-18/00360.jpg to ollae/nd-4f-18_00360.jpg
2024-08-17 22:26:50,913 - INFO - Downloading image (nd-4f-18_00348.jpg):                        http://diglib.hab.de/drucke/nd-4f-18/00348.jpg to ollae/nd-4f-18_00348.jpg
2024-08-17 22:26:51,081 - INFO - Downloading image (nd-4f-18_00347.jpg):                        http://diglib.hab.de/drucke/nd-4f-18/00347.jpg to ollae/nd-4f-18_00347.jpg
2024-08-17 22:26:51,253 - INFO - Downloading image (nd-4f-18_00413.jpg):                        http://diglib.hab.de/drucke/nd-4f-18/00413.jpg to ollae/nd-4f-18_00413.jpg
2024-08-17 22:26:51,409 - INFO - Downloading image (3-bell_00199.jpg):                        http://diglib.hab.de/drucke/3-bell/00199.jpg to ollae/3-bell_00199.jpg
2024-08-17 22:26:51,584 - INFO - Downloading image (3-bell_00137.jpg):                        http://diglib.hab.de/drucke/3-bell/00137.jpg to ollae/3-bell_00137.jpg
2024-08-17 22:26:51,724 - INFO - Downloading image (3-bell_00132.jpg):                        http://diglib.hab.de/drucke/3-bell/00132.jpg to ollae/3-bell_00132.jpg
2024-08-17 22:26:51,868 - INFO - Downloading image (95-1-quod-2f-2s_00055.jpg):                        http://diglib.hab.de/drucke/95-1-quod-2f-2s/00055.jpg to ollae/95-1-quod-2f-2s_00055.jpg
2024-08-17 22:26:52,025 - INFO - Downloading image (xb-3832_00095.jpg):                        http://diglib.hab.de/drucke/xb-3832/00095.jpg to ollae/xb-3832_00095.jpg
2024-08-17 22:26:52,156 - INFO - Downloading image (xb-7887_00071.jpg):                        http://diglib.hab.de/drucke/xb-7887/00071.jpg to cucurbitae/xb-7887_00071.jpg
2024-08-17 22:26:52,315 - INFO - Downloading image (xb-7887_00118.jpg):                        http://diglib.hab.de/drucke/xb-7887/00118.jpg to cucurbitae/xb-7887_00118.jpg
2024-08-17 22:26:52,505 - INFO - Downloading image (109-27-med-1s_00351.jpg):                        http://diglib.hab.de/drucke/109-27-med-1s/00351.jpg to cucurbitae/109-27-med-1s_00351.jpg
2024-08-17 22:26:52,748 - INFO - Downloading image (nd-4f-18_00556.jpg):                        http://diglib.hab.de/drucke/nd-4f-18/00556.jpg to cucurbitae/nd-4f-18_00556.jpg
2024-08-17 22:26:52,945 - INFO - Downloading image (nd-4f-18_00420.jpg):                        http://diglib.hab.de/drucke/nd-4f-18/00420.jpg to cucurbitae/nd-4f-18_00420.jpg
2024-08-17 22:26:53,134 - INFO - Downloading image (nd-4f-18_00412.jpg):                        http://diglib.hab.de/drucke/nd-4f-18/00412.jpg to cucurbitae/nd-4f-18_00412.jpg
2024-08-17 22:26:53,318 - INFO - Downloading image (oc-77-1_00661.jpg):                        http://diglib.hab.de/drucke/oc-77-1/00661.jpg to cucurbitae/oc-77-1_00661.jpg
2024-08-17 22:26:53,479 - INFO - Downloading image (xb-6197-2s_00304.jpg):                        http://diglib.hab.de/drucke/xb-6197-2s/00304.jpg to cucurbitae/xb-6197-2s_00304.jpg
2024-08-17 22:26:53,651 - INFO - Downloading image (mf-4f-3_00029.jpg):                        http://diglib.hab.de/drucke/mf-4f-3/00029.jpg to cucurbitae/mf-4f-3_00029.jpg
2024-08-17 22:26:53,832 - INFO - Downloading image (54-med-1s_00045.jpg):                        http://diglib.hab.de/drucke/54-med-1s/00045.jpg to cucurbitae/54-med-1s_00045.jpg
2024-08-17 22:26:54,024 - INFO - Downloading image (54-med-1s_00158.jpg):                        http://diglib.hab.de/drucke/54-med-1s/00158.jpg to cucurbitae/54-med-1s_00158.jpg
2024-08-17 22:26:54,180 - INFO - Downloading image (35-1-phys-2f-1s_00066.jpg):                        http://diglib.hab.de/drucke/35-1-phys-2f-1s/00066.jpg to cucurbitae/35-1-phys-2f-1s_00066.jpg
2024-08-17 22:26:54,345 - INFO - Downloading image (35-1-phys-2f-1s_00088.jpg):                        http://diglib.hab.de/drucke/35-1-phys-2f-1s/00088.jpg to cucurbitae/35-1-phys-2f-1s_00088.jpg
2024-08-17 22:26:54,691 - INFO - Downloading image (3-bell_00394.jpg):                        http://diglib.hab.de/drucke/3-bell/00394.jpg to cucurbitae/3-bell_00394.jpg
2024-08-17 22:26:54,855 - INFO - Downloading image (xb-4679-2s_00036.jpg):                        http://diglib.hab.de/drucke/xb-4679-2s/00036.jpg to cucurbitae/xb-4679-2s_00036.jpg
2024-08-17 22:26:54,996 - INFO - Downloading image (30-med-2f-1s_00068.jpg):                        http://diglib.hab.de/drucke/30-med-2f-1s/00068.jpg to cucurbitae/30-med-2f-1s_00068.jpg
2024-08-17 22:26:55,168 - INFO - Downloading image (26-8-med-2s_00026.jpg):                        http://diglib.hab.de/drucke/26-8-med-2s/00026.jpg to cucurbitae/26-8-med-2s_00026.jpg
2024-08-17 22:26:55,346 - INFO - Downloading image (26-8-med-2s_00033.jpg):                        http://diglib.hab.de/drucke/26-8-med-2s/00033.jpg to cucurbitae/26-8-med-2s_00033.jpg
2024-08-17 22:26:55,505 - INFO - Downloading image (3-bell_00133.jpg):                        http://diglib.hab.de/drucke/3-bell/00133.jpg to cucurbitae/3-bell_00133.jpg
2024-08-17 22:26:55,706 - INFO - Downloading image (mf-4f-3_00005.jpg):                        http://diglib.hab.de/drucke/mf-4f-3/00005.jpg to cucurbitae/mf-4f-3_00005.jpg
2024-08-17 22:26:55,890 - INFO - Downloading image (552-22-quod_00048.jpg):                        http://diglib.hab.de/drucke/552-22-quod/00048.jpg to cucurbitae/552-22-quod_00048.jpg
2024-08-17 22:26:56,068 - INFO - Downloading image (47-phys-2f_00135.jpg):                        http://diglib.hab.de/drucke/47-phys-2f/00135.jpg to cucurbitae/47-phys-2f_00135.jpg
2024-08-17 22:26:56,249 - INFO - Downloading image (109-27-med-1s_00303.jpg):                        http://diglib.hab.de/drucke/109-27-med-1s/00303.jpg to cucurbitae/109-27-med-1s_00303.jpg
2024-08-17 22:26:56,410 - INFO - Downloading image (95-1-quod-2f-2s_00109.jpg):                        http://diglib.hab.de/drucke/95-1-quod-2f-2s/00109.jpg to cucurbitae/95-1-quod-2f-2s_00109.jpg
2024-08-17 22:26:56,578 - INFO - Downloading image (wa-2f-98_00010.jpg):                        http://diglib.hab.de/drucke/wa-2f-98/00010.jpg to cucurbitae/wa-2f-98_00010.jpg
2024-08-17 22:26:56,784 - INFO - Downloading image (54-med-1s_00062.jpg):                        http://diglib.hab.de/drucke/54-med-1s/00062.jpg to cucurbitae/54-med-1s_00062.jpg
2024-08-17 22:26:56,970 - INFO - Downloading image (46-10-med-1s_00113.jpg):                        http://diglib.hab.de/drucke/46-10-med-1s/00113.jpg to cucurbitae/46-10-med-1s_00113.jpg
2024-08-17 22:26:57,121 - INFO - Downloading image (142-3-phys_00036.jpg):                        http://diglib.hab.de/drucke/142-3-phys/00036.jpg to cucurbitae/142-3-phys_00036.jpg
2024-08-17 22:26:57,302 - INFO - Downloading image (46-10-med-1s_00125.jpg):                        http://diglib.hab.de/drucke/46-10-med-1s/00125.jpg to cucurbitae/46-10-med-1s_00125.jpg
2024-08-17 22:26:57,454 - INFO - Downloading image (29-2-med-2f_00768.jpg):                        http://diglib.hab.de/drucke/29-2-med-2f/00768.jpg to cucurbitae/29-2-med-2f_00768.jpg
2024-08-17 22:26:57,630 - INFO - Downloading image (29-2-med-2f_00769.jpg):                        http://diglib.hab.de/drucke/29-2-med-2f/00769.jpg to cucurbitae/29-2-med-2f_00769.jpg
2024-08-17 22:26:57,809 - INFO - Downloading image (na-2f-3-2_00525.jpg):                        http://diglib.hab.de/drucke/na-2f-3-2/00525.jpg to cucurbitae/na-2f-3-2_00525.jpg
2024-08-17 22:26:58,035 - INFO - Downloading image (nd-4f-18_00562.jpg):                        http://diglib.hab.de/drucke/nd-4f-18/00562.jpg to cucurbitae/nd-4f-18_00562.jpg
2024-08-17 22:26:58,230 - INFO - Downloading image (xb-4819_00007.jpg):                        http://diglib.hab.de/drucke/xb-4819/00007.jpg to cucurbitae/xb-4819_00007.jpg
2024-08-17 22:26:58,373 - INFO - Downloading image (xb-4819_00020.jpg):                        http://diglib.hab.de/drucke/xb-4819/00020.jpg to cucurbitae/xb-4819_00020.jpg
2024-08-17 22:26:58,515 - INFO - Downloading image (xb-7887_00053.jpg):                        http://diglib.hab.de/drucke/xb-7887/00053.jpg to cucurbitae/xb-7887_00053.jpg
2024-08-17 22:26:58,681 - INFO - Downloading image (30-med-2f-1s_00082.jpg):                        http://diglib.hab.de/drucke/30-med-2f-1s/00082.jpg to cucurbitae/30-med-2f-1s_00082.jpg
2024-08-17 22:26:58,855 - INFO - Downloading image (30-med-2f-1s_00087a.jpg):                        http://diglib.hab.de/drucke/30-med-2f-1s/00087a.jpg to cucurbitae/30-med-2f-1s_00087a.jpg
2024-08-17 22:26:58,980 - INFO - Downloading image (3-bell_00397.jpg):                        http://diglib.hab.de/drucke/3-bell/00397.jpg to cucurbitae/3-bell_00397.jpg
2024-08-17 22:26:59,130 - INFO - Downloading image (3-bell_00402.jpg):                        http://diglib.hab.de/drucke/3-bell/00402.jpg to cucurbitae/3-bell_00402.jpg
2024-08-17 22:26:59,294 - INFO - Downloading image (3-bell_00250.jpg):                        http://diglib.hab.de/drucke/3-bell/00250.jpg to cucurbitae/3-bell_00250.jpg
2024-08-17 22:26:59,441 - INFO - Downloading image (3-bell_00389.jpg):                        http://diglib.hab.de/drucke/3-bell/00389.jpg to cucurbitae/3-bell_00389.jpg
2024-08-17 22:26:59,602 - INFO - Downloading image (nd-782-1_00950a.jpg):                        http://diglib.hab.de/drucke/nd-782-1/00950a.jpg to cucurbitae/nd-782-1_00950a.jpg
2024-08-17 22:26:59,749 - INFO - Downloading image (mf-4f-3_00020.jpg):                        http://diglib.hab.de/drucke/mf-4f-3/00020.jpg to cucurbitae/mf-4f-3_00020.jpg
2024-08-17 22:26:59,895 - INFO - Downloading image (mf-4f-3_00022.jpg):                        http://diglib.hab.de/drucke/mf-4f-3/00022.jpg to cucurbitae/mf-4f-3_00022.jpg
2024-08-17 22:27:00,064 - INFO - Downloading image (552-22-quod_00206.jpg):                        http://diglib.hab.de/drucke/552-22-quod/00206.jpg to cucurbitae/552-22-quod_00206.jpg
2024-08-17 22:27:00,231 - INFO - Downloading image (95-1-quod-2f-2s_00001.jpg):                        http://diglib.hab.de/drucke/95-1-quod-2f-2s/00001.jpg to cucurbitae/95-1-quod-2f-2s_00001.jpg
2024-08-17 22:27:00,386 - INFO - Downloading image (95-1-quod-2f-2s_00009.jpg):                        http://diglib.hab.de/drucke/95-1-quod-2f-2s/00009.jpg to cucurbitae/95-1-quod-2f-2s_00009.jpg
2024-08-17 22:27:00,567 - INFO - Downloading image (35-1-phys-2f-1s_00125.jpg):                        http://diglib.hab.de/drucke/35-1-phys-2f-1s/00125.jpg to cucurbitae/35-1-phys-2f-1s_00125.jpg
2024-08-17 22:27:00,750 - INFO - Downloading image (35-1-phys-2f-1s_00112.jpg):                        http://diglib.hab.de/drucke/35-1-phys-2f-1s/00112.jpg to cucurbitae/35-1-phys-2f-1s_00112.jpg
2024-08-17 22:27:00,916 - INFO - Downloading image (47-phys-2f_00055.jpg):                        http://diglib.hab.de/drucke/47-phys-2f/00055.jpg to cucurbitae/47-phys-2f_00055.jpg
2024-08-17 22:27:01,073 - INFO - Downloading image (46-10-med-1s_00149.jpg):                        http://diglib.hab.de/drucke/46-10-med-1s/00149.jpg to cucurbitae/46-10-med-1s_00149.jpg
2024-08-17 22:27:01,215 - INFO - Downloading image (46-10-med-1s_00114.jpg):                        http://diglib.hab.de/drucke/46-10-med-1s/00114.jpg to cucurbitae/46-10-med-1s_00114.jpg
2024-08-17 22:27:01,365 - INFO - Downloading image (nd-283-2s_00162.jpg):                        http://diglib.hab.de/drucke/nd-283-2s/00162.jpg to cucurbitae/nd-283-2s_00162.jpg
2024-08-17 22:27:01,538 - INFO - Downloading image (54-med-1s_00051.jpg):                        http://diglib.hab.de/drucke/54-med-1s/00051.jpg to cucurbitae/54-med-1s_00051.jpg
2024-08-17 22:27:01,719 - INFO - Downloading image (54-med-1s_00031.jpg):                        http://diglib.hab.de/drucke/54-med-1s/00031.jpg to cucurbitae/54-med-1s_00031.jpg
2024-08-17 22:27:01,868 - INFO - Downloading image (54-med-1s_00033.jpg):                        http://diglib.hab.de/drucke/54-med-1s/00033.jpg to cucurbitae/54-med-1s_00033.jpg
2024-08-17 22:27:02,020 - INFO - Downloading image (nd-4f-18_00393.jpg):                        http://diglib.hab.de/drucke/nd-4f-18/00393.jpg to cucurbitae/nd-4f-18_00393.jpg
2024-08-17 22:27:02,208 - INFO - Downloading image (nd-4f-18_00415.jpg):                        http://diglib.hab.de/drucke/nd-4f-18/00415.jpg to cucurbitae/nd-4f-18_00415.jpg
2024-08-17 22:27:02,389 - INFO - Downloading image (nd-4f-18_00565.jpg):                        http://diglib.hab.de/drucke/nd-4f-18/00565.jpg to cucurbitae/nd-4f-18_00565.jpg
2024-08-17 22:27:02,568 - INFO - Downloading image (xb-4819_00268.jpg):                        http://diglib.hab.de/drucke/xb-4819/00268.jpg to cucurbitae/xb-4819_00268.jpg
2024-08-17 22:27:02,739 - INFO - Downloading image (xb-4819_00014.jpg):                        http://diglib.hab.de/drucke/xb-4819/00014.jpg to cucurbitae/xb-4819_00014.jpg
2024-08-17 22:27:02,880 - INFO - Downloading image (xb-2146-2s_00065.jpg):                        http://diglib.hab.de/drucke/xb-2146-2s/00065.jpg to cucurbitae/xb-2146-2s_00065.jpg
2024-08-17 22:27:03,054 - INFO - Downloading image (mf-4f-3_00036.jpg):                        http://diglib.hab.de/drucke/mf-4f-3/00036.jpg to cucurbitae/mf-4f-3_00036.jpg
2024-08-17 22:27:03,260 - INFO - Downloading image (mf-4f-3_00052.jpg):                        http://diglib.hab.de/drucke/mf-4f-3/00052.jpg to cucurbitae/mf-4f-3_00052.jpg
2024-08-17 22:27:03,453 - INFO - Downloading image (mf-4f-3_00021.jpg):                        http://diglib.hab.de/drucke/mf-4f-3/00021.jpg to cucurbitae/mf-4f-3_00021.jpg
2024-08-17 22:27:03,630 - INFO - Downloading image (54-med-1s_00028.jpg):                        http://diglib.hab.de/drucke/54-med-1s/00028.jpg to cucurbitae/54-med-1s_00028.jpg
2024-08-17 22:27:03,781 - INFO - Downloading image (54-med-1s_00061.jpg):                        http://diglib.hab.de/drucke/54-med-1s/00061.jpg to cucurbitae/54-med-1s_00061.jpg
2024-08-17 22:27:03,928 - INFO - Downloading image (145-1-phys-2s_00015.jpg):                        http://diglib.hab.de/drucke/145-1-phys-2s/00015.jpg to cucurbitae/145-1-phys-2s_00015.jpg
2024-08-17 22:27:04,104 - INFO - Downloading image (na-2f-3-1_00007.jpg):                        http://diglib.hab.de/drucke/na-2f-3-1/00007.jpg to cucurbitae/na-2f-3-1_00007.jpg
2024-08-17 22:27:04,266 - INFO - Downloading image (xb-7887_00045.jpg):                        http://diglib.hab.de/drucke/xb-7887/00045.jpg to cucurbitae/xb-7887_00045.jpg
2024-08-17 22:27:04,428 - INFO - Downloading image (xb-7887_00069.jpg):                        http://diglib.hab.de/drucke/xb-7887/00069.jpg to cucurbitae/xb-7887_00069.jpg
2024-08-17 22:27:04,576 - INFO - Downloading image (nd-4f-18_00550.jpg):                        http://diglib.hab.de/drucke/nd-4f-18/00550.jpg to cucurbitae/nd-4f-18_00550.jpg
2024-08-17 22:27:04,745 - INFO - Downloading image (nd-4f-18_00419.jpg):                        http://diglib.hab.de/drucke/nd-4f-18/00419.jpg to cucurbitae/nd-4f-18_00419.jpg
2024-08-17 22:27:04,909 - INFO - Downloading image (3-bell_00390.jpg):                        http://diglib.hab.de/drucke/3-bell/00390.jpg to cucurbitae/3-bell_00390.jpg
2024-08-17 22:27:05,129 - INFO - Downloading image (3-bell_00391.jpg):                        http://diglib.hab.de/drucke/3-bell/00391.jpg to cucurbitae/3-bell_00391.jpg
2024-08-17 22:27:05,281 - INFO - Downloading image (35-1-phys-2f-1s_00156.jpg):                        http://diglib.hab.de/drucke/35-1-phys-2f-1s/00156.jpg to cucurbitae/35-1-phys-2f-1s_00156.jpg
2024-08-17 22:27:05,447 - INFO - Downloading image (35-1-phys-2f-1s_00132.jpg):                        http://diglib.hab.de/drucke/35-1-phys-2f-1s/00132.jpg to cucurbitae/35-1-phys-2f-1s_00132.jpg
2024-08-17 22:27:05,612 - INFO - Downloading image (35-1-phys-2f-1s_00102.jpg):                        http://diglib.hab.de/drucke/35-1-phys-2f-1s/00102.jpg to cucurbitae/35-1-phys-2f-1s_00102.jpg
2024-08-17 22:27:05,828 - INFO - Downloading image (xb-3832_00103.jpg):                        http://diglib.hab.de/drucke/xb-3832/00103.jpg to cucurbitae/xb-3832_00103.jpg
2024-08-17 22:27:06,053 - INFO - Downloading image (142-3-phys_00038.jpg):                        http://diglib.hab.de/drucke/142-3-phys/00038.jpg to cucurbitae/142-3-phys_00038.jpg
2024-08-17 22:27:06,220 - INFO - Downloading image (142-3-phys_00039.jpg):                        http://diglib.hab.de/drucke/142-3-phys/00039.jpg to cucurbitae/142-3-phys_00039.jpg
2024-08-17 22:27:06,378 - INFO - Downloading image (nd-779_00099.jpg):                        http://diglib.hab.de/drucke/nd-779/00099.jpg to cucurbitae/nd-779_00099.jpg
2024-08-17 22:27:06,661 - INFO - Downloading image (3-bell_00403.jpg):                        http://diglib.hab.de/drucke/3-bell/00403.jpg to cucurbitae/3-bell_00403.jpg
2024-08-17 22:27:06,825 - INFO - Downloading image (47-phys-2f_00042.jpg):                        http://diglib.hab.de/drucke/47-phys-2f/00042.jpg to cucurbitae/47-phys-2f_00042.jpg
2024-08-17 22:27:06,978 - INFO - Downloading image (na-2f-3-2_00457.jpg):                        http://diglib.hab.de/drucke/na-2f-3-2/00457.jpg to cucurbitae/na-2f-3-2_00457.jpg
2024-08-17 22:27:07,159 - INFO - Downloading image (xb-7887_00016.jpg):                        http://diglib.hab.de/drucke/xb-7887/00016.jpg to cucurbitae/xb-7887_00016.jpg
2024-08-17 22:27:07,351 - INFO - Downloading image (xb-7887_00017.jpg):                        http://diglib.hab.de/drucke/xb-7887/00017.jpg to cucurbitae/xb-7887_00017.jpg
2024-08-17 22:27:07,531 - INFO - Downloading image (35-1-phys-2f-1s_00080.jpg):                        http://diglib.hab.de/drucke/35-1-phys-2f-1s/00080.jpg to cucurbitae/35-1-phys-2f-1s_00080.jpg
2024-08-17 22:27:07,685 - INFO - Downloading image (35-1-phys-2f-1s_00078.jpg):                        http://diglib.hab.de/drucke/35-1-phys-2f-1s/00078.jpg to cucurbitae/35-1-phys-2f-1s_00078.jpg
2024-08-17 22:27:07,845 - INFO - Downloading image (54-med-1s_00026.jpg):                        http://diglib.hab.de/drucke/54-med-1s/00026.jpg to cucurbitae/54-med-1s_00026.jpg
2024-08-17 22:27:08,000 - INFO - Downloading image (54-med-1s_00030.jpg):                        http://diglib.hab.de/drucke/54-med-1s/00030.jpg to cucurbitae/54-med-1s_00030.jpg
2024-08-17 22:27:08,147 - INFO - Downloading image (mf-4f-3_00019.jpg):                        http://diglib.hab.de/drucke/mf-4f-3/00019.jpg to cucurbitae/mf-4f-3_00019.jpg
2024-08-17 22:27:08,377 - INFO - Downloading image (mf-4f-3_00023.jpg):                        http://diglib.hab.de/drucke/mf-4f-3/00023.jpg to cucurbitae/mf-4f-3_00023.jpg
2024-08-17 22:27:08,541 - INFO - Downloading image (nd-4f-18_00559.jpg):                        http://diglib.hab.de/drucke/nd-4f-18/00559.jpg to cucurbitae/nd-4f-18_00559.jpg
2024-08-17 22:27:08,711 - INFO - Downloading image (nd-4f-18_00543.jpg):                        http://diglib.hab.de/drucke/nd-4f-18/00543.jpg to cucurbitae/nd-4f-18_00543.jpg
2024-08-17 22:27:08,880 - INFO - Downloading image (nd-4f-18_00542.jpg):                        http://diglib.hab.de/drucke/nd-4f-18/00542.jpg to cucurbitae/nd-4f-18_00542.jpg
2024-08-17 22:27:09,210 - INFO - Downloading image (nd-4f-18_00513.jpg):                        http://diglib.hab.de/drucke/nd-4f-18/00513.jpg to cucurbitae/nd-4f-18_00513.jpg
2024-08-17 22:27:09,388 - INFO - Downloading image (nd-4f-18_00508.jpg):                        http://diglib.hab.de/drucke/nd-4f-18/00508.jpg to cucurbitae/nd-4f-18_00508.jpg
2024-08-17 22:27:09,614 - INFO - Downloading image (nd-4f-18_00566.jpg):                        http://diglib.hab.de/drucke/nd-4f-18/00566.jpg to cucurbitae/nd-4f-18_00566.jpg
2024-08-17 22:27:09,790 - INFO - Downloading image (nd-4f-18_00569.jpg):                        http://diglib.hab.de/drucke/nd-4f-18/00569.jpg to cucurbitae/nd-4f-18_00569.jpg
2024-08-17 22:27:09,961 - INFO - Downloading image (xb-4819_00019.jpg):                        http://diglib.hab.de/drucke/xb-4819/00019.jpg to cucurbitae/xb-4819_00019.jpg
2024-08-17 22:27:10,142 - INFO - Downloading image (xb-3135_00008.jpg):                        http://diglib.hab.de/drucke/xb-3135/00008.jpg to cucurbitae/xb-3135_00008.jpg
2024-08-17 22:27:10,350 - INFO - Downloading image (26-8-med-2s_00047.jpg):                        http://diglib.hab.de/drucke/26-8-med-2s/00047.jpg to cucurbitae/26-8-med-2s_00047.jpg
2024-08-17 22:27:10,529 - INFO - Downloading image (30-med-2f-1s_00081a.jpg):                        http://diglib.hab.de/drucke/30-med-2f-1s/00081a.jpg to cucurbitae/30-med-2f-1s_00081a.jpg
2024-08-17 22:27:10,656 - INFO - Downloading image (xb-1806_00005.jpg):                        http://diglib.hab.de/drucke/xb-1806/00005.jpg to cucurbitae/xb-1806_00005.jpg
2024-08-17 22:27:10,878 - INFO - Downloading image (3-bell_00350.jpg):                        http://diglib.hab.de/drucke/3-bell/00350.jpg to furnace/3-bell_00350.jpg
2024-08-17 22:27:11,023 - INFO - Downloading image (3-bell_00215.jpg):                        http://diglib.hab.de/drucke/3-bell/00215.jpg to furnace/3-bell_00215.jpg
2024-08-17 22:27:11,176 - INFO - Downloading image (xb-4679-2s_00584.jpg):                        http://diglib.hab.de/drucke/xb-4679-2s/00584.jpg to furnace/xb-4679-2s_00584.jpg
2024-08-17 22:27:11,338 - INFO - Downloading image (nd-782-1_00942a.jpg):                        http://diglib.hab.de/drucke/nd-782-1/00942a.jpg to furnace/nd-782-1_00942a.jpg
2024-08-17 22:27:11,471 - INFO - Downloading image (47-phys-2f_00045.jpg):                        http://diglib.hab.de/drucke/47-phys-2f/00045.jpg to furnace/47-phys-2f_00045.jpg
2024-08-17 22:27:11,620 - INFO - Downloading image (47-phys-2f_00056.jpg):                        http://diglib.hab.de/drucke/47-phys-2f/00056.jpg to furnace/47-phys-2f_00056.jpg
2024-08-17 22:27:11,783 - INFO - Downloading image (95-1-quod-2f-2s_00130.jpg):                        http://diglib.hab.de/drucke/95-1-quod-2f-2s/00130.jpg to furnace/95-1-quod-2f-2s_00130.jpg
2024-08-17 22:27:11,952 - INFO - Downloading image (95-1-quod-2f-2s_00136.jpg):                        http://diglib.hab.de/drucke/95-1-quod-2f-2s/00136.jpg to furnace/95-1-quod-2f-2s_00136.jpg
2024-08-17 22:27:12,099 - INFO - Downloading image (95-1-quod-2f-2s_00244.jpg):                        http://diglib.hab.de/drucke/95-1-quod-2f-2s/00244.jpg to furnace/95-1-quod-2f-2s_00244.jpg
2024-08-17 22:27:12,396 - INFO - Downloading image (24-1-med_00005.jpg):                        http://diglib.hab.de/drucke/24-1-med/00005.jpg to furnace/24-1-med_00005.jpg
2024-08-17 22:27:12,568 - INFO - Downloading image (xb-1648_00039.jpg):                        http://diglib.hab.de/drucke/xb-1648/00039.jpg to furnace/xb-1648_00039.jpg
2024-08-17 22:27:12,729 - INFO - Downloading image (na-2f-3-1_00339.jpg):                        http://diglib.hab.de/drucke/na-2f-3-1/00339.jpg to furnace/na-2f-3-1_00339.jpg
2024-08-17 22:27:12,897 - INFO - Downloading image (od-216_00353.jpg):                        http://diglib.hab.de/drucke/od-216/00353.jpg to furnace/od-216_00353.jpg
2024-08-17 22:27:13,057 - INFO - Downloading image (od-216_00349.jpg):                        http://diglib.hab.de/drucke/od-216/00349.jpg to furnace/od-216_00349.jpg
2024-08-17 22:27:13,204 - INFO - Downloading image (od-215_00088.jpg):                        http://diglib.hab.de/drucke/od-215/00088.jpg to furnace/od-215_00088.jpg
2024-08-17 22:27:13,378 - INFO - Downloading image (nd-4f-18_00403.jpg):                        http://diglib.hab.de/drucke/nd-4f-18/00403.jpg to furnace/nd-4f-18_00403.jpg
2024-08-17 22:27:13,555 - INFO - Downloading image (nd-4f-18_00406.jpg):                        http://diglib.hab.de/drucke/nd-4f-18/00406.jpg to furnace/nd-4f-18_00406.jpg
2024-08-17 22:27:13,749 - INFO - Downloading image (nd-4f-18_00627.jpg):                        http://diglib.hab.de/drucke/nd-4f-18/00627.jpg to furnace/nd-4f-18_00627.jpg
2024-08-17 22:27:13,911 - INFO - Downloading image (nd-4f-18_00395.jpg):                        http://diglib.hab.de/drucke/nd-4f-18/00395.jpg to furnace/nd-4f-18_00395.jpg
2024-08-17 22:27:14,075 - INFO - Downloading image (nd-4f-18_00394.jpg):                        http://diglib.hab.de/drucke/nd-4f-18/00394.jpg to furnace/nd-4f-18_00394.jpg
2024-08-17 22:27:14,243 - INFO - Downloading image (nd-4f-18_00384.jpg):                        http://diglib.hab.de/drucke/nd-4f-18/00384.jpg to furnace/nd-4f-18_00384.jpg
2024-08-17 22:27:14,418 - INFO - Downloading image (nd-4f-18_00378.jpg):                        http://diglib.hab.de/drucke/nd-4f-18/00378.jpg to furnace/nd-4f-18_00378.jpg
2024-08-17 22:27:14,608 - INFO - Downloading image (nd-4f-18_00365.jpg):                        http://diglib.hab.de/drucke/nd-4f-18/00365.jpg to furnace/nd-4f-18_00365.jpg
2024-08-17 22:27:14,778 - INFO - Downloading image (nd-4f-18_00366.jpg):                        http://diglib.hab.de/drucke/nd-4f-18/00366.jpg to furnace/nd-4f-18_00366.jpg
2024-08-17 22:27:14,962 - INFO - Downloading image (nd-4f-18_00368.jpg):                        http://diglib.hab.de/drucke/nd-4f-18/00368.jpg to furnace/nd-4f-18_00368.jpg
2024-08-17 22:27:15,132 - INFO - Downloading image (nd-4f-18_00371.jpg):                        http://diglib.hab.de/drucke/nd-4f-18/00371.jpg to furnace/nd-4f-18_00371.jpg
2024-08-17 22:27:15,305 - INFO - Downloading image (nd-4f-18_00361.jpg):                        http://diglib.hab.de/drucke/nd-4f-18/00361.jpg to furnace/nd-4f-18_00361.jpg
2024-08-17 22:27:15,468 - INFO - Downloading image (nd-4f-18_00354.jpg):                        http://diglib.hab.de/drucke/nd-4f-18/00354.jpg to furnace/nd-4f-18_00354.jpg
2024-08-17 22:27:15,660 - INFO - Downloading image (nd-4f-18_00362.jpg):                        http://diglib.hab.de/drucke/nd-4f-18/00362.jpg to furnace/nd-4f-18_00362.jpg
2024-08-17 22:27:15,824 - INFO - Downloading image (nd-4f-18_00519.jpg):                        http://diglib.hab.de/drucke/nd-4f-18/00519.jpg to furnace/nd-4f-18_00519.jpg
2024-08-17 22:27:16,003 - INFO - Downloading image (nd-4f-18_00524.jpg):                        http://diglib.hab.de/drucke/nd-4f-18/00524.jpg to furnace/nd-4f-18_00524.jpg
2024-08-17 22:27:16,174 - INFO - Downloading image (nd-4f-18_00520.jpg):                        http://diglib.hab.de/drucke/nd-4f-18/00520.jpg to furnace/nd-4f-18_00520.jpg
2024-08-17 22:27:16,375 - INFO - Downloading image (xb-7884_00020.jpg):                        http://diglib.hab.de/drucke/xb-7884/00020.jpg to furnace/xb-7884_00020.jpg
2024-08-17 22:27:16,567 - INFO - Downloading image (109-27-med-1s_00098.jpg):                        http://diglib.hab.de/drucke/109-27-med-1s/00098.jpg to furnace/109-27-med-1s_00098.jpg
2024-08-17 22:27:16,733 - INFO - Downloading image (nd-4f-18_00398.jpg):                        http://diglib.hab.de/drucke/nd-4f-18/00398.jpg to furnace/nd-4f-18_00398.jpg
2024-08-17 22:27:16,902 - INFO - Downloading image (nd-4f-18_00614.jpg):                        http://diglib.hab.de/drucke/nd-4f-18/00614.jpg to furnace/nd-4f-18_00614.jpg
2024-08-17 22:27:17,119 - INFO - Downloading image (nd-4f-18_00386.jpg):                        http://diglib.hab.de/drucke/nd-4f-18/00386.jpg to furnace/nd-4f-18_00386.jpg
2024-08-17 22:27:17,458 - INFO - Downloading image (nd-4f-18_00382.jpg):                        http://diglib.hab.de/drucke/nd-4f-18/00382.jpg to furnace/nd-4f-18_00382.jpg
2024-08-17 22:27:17,632 - INFO - Downloading image (nd-4f-18_00367.jpg):                        http://diglib.hab.de/drucke/nd-4f-18/00367.jpg to furnace/nd-4f-18_00367.jpg
2024-08-17 22:27:17,799 - INFO - Downloading image (nd-4f-18_00355.jpg):                        http://diglib.hab.de/drucke/nd-4f-18/00355.jpg to furnace/nd-4f-18_00355.jpg
2024-08-17 22:27:17,984 - INFO - Downloading image (nd-4f-18_00512.jpg):                        http://diglib.hab.de/drucke/nd-4f-18/00512.jpg to furnace/nd-4f-18_00512.jpg
2024-08-17 22:27:18,158 - INFO - Downloading image (nd-4f-18_00421.jpg):                        http://diglib.hab.de/drucke/nd-4f-18/00421.jpg to furnace/nd-4f-18_00421.jpg
2024-08-17 22:27:18,340 - INFO - Downloading image (od-215_00034.jpg):                        http://diglib.hab.de/drucke/od-215/00034.jpg to furnace/od-215_00034.jpg
2024-08-17 22:27:18,519 - INFO - Downloading image (od-215_00084.jpg):                        http://diglib.hab.de/drucke/od-215/00084.jpg to furnace/od-215_00084.jpg
2024-08-17 22:27:18,697 - INFO - Downloading image (od-216_00227.jpg):                        http://diglib.hab.de/drucke/od-216/00227.jpg to furnace/od-216_00227.jpg
2024-08-17 22:27:18,858 - INFO - Downloading image (od-216_00341.jpg):                        http://diglib.hab.de/drucke/od-216/00341.jpg to furnace/od-216_00341.jpg
2024-08-17 22:27:19,023 - INFO - Downloading image (od-216_00443.jpg):                        http://diglib.hab.de/drucke/od-216/00443.jpg to furnace/od-216_00443.jpg
2024-08-17 22:27:19,171 - INFO - Downloading image (mf-2f-6-2b_01145.jpg):                        http://diglib.hab.de/drucke/mf-2f-6-2b/01145.jpg to furnace/mf-2f-6-2b_01145.jpg
2024-08-17 22:27:19,314 - INFO - Downloading image (nd-782-1_00934a.jpg):                        http://diglib.hab.de/drucke/nd-782-1/00934a.jpg to furnace/nd-782-1_00934a.jpg
2024-08-17 22:27:19,466 - INFO - Downloading image (54-med-1s_00089.jpg):                        http://diglib.hab.de/drucke/54-med-1s/00089.jpg to furnace/54-med-1s_00089.jpg
2024-08-17 22:27:19,615 - INFO - Downloading image (95-1-quod-2f-2s_00267.jpg):                        http://diglib.hab.de/drucke/95-1-quod-2f-2s/00267.jpg to furnace/95-1-quod-2f-2s_00267.jpg
2024-08-17 22:27:19,773 - INFO - Downloading image (95-1-quod-2f-2s_00229.jpg):                        http://diglib.hab.de/drucke/95-1-quod-2f-2s/00229.jpg to furnace/95-1-quod-2f-2s_00229.jpg
2024-08-17 22:27:19,935 - INFO - Downloading image (95-1-quod-2f-2s_00021.jpg):                        http://diglib.hab.de/drucke/95-1-quod-2f-2s/00021.jpg to furnace/95-1-quod-2f-2s_00021.jpg
2024-08-17 22:27:20,108 - INFO - Downloading image (35-1-phys-2f-1s_00087.jpg):                        http://diglib.hab.de/drucke/35-1-phys-2f-1s/00087.jpg to furnace/35-1-phys-2f-1s_00087.jpg
2024-08-17 22:27:20,281 - INFO - Downloading image (3-bell_00234.jpg):                        http://diglib.hab.de/drucke/3-bell/00234.jpg to furnace/3-bell_00234.jpg
2024-08-17 22:27:20,430 - INFO - Downloading image (3-bell_00233.jpg):                        http://diglib.hab.de/drucke/3-bell/00233.jpg to furnace/3-bell_00233.jpg
2024-08-17 22:27:20,690 - INFO - Downloading image (3-bell_00349.jpg):                        http://diglib.hab.de/drucke/3-bell/00349.jpg to furnace/3-bell_00349.jpg
2024-08-17 22:27:20,960 - INFO - Downloading image (3-bell_00347.jpg):                        http://diglib.hab.de/drucke/3-bell/00347.jpg to furnace/3-bell_00347.jpg
2024-08-17 22:27:21,108 - INFO - Downloading image (3-bell_00131.jpg):                        http://diglib.hab.de/drucke/3-bell/00131.jpg to furnace/3-bell_00131.jpg
2024-08-17 22:27:21,260 - INFO - Downloading image (3-bell_00266.jpg):                        http://diglib.hab.de/drucke/3-bell/00266.jpg to furnace/3-bell_00266.jpg
2024-08-17 22:27:21,416 - INFO - Downloading image (oe-238_00082.jpg):                        http://diglib.hab.de/drucke/oe-238/00082.jpg to furnace/oe-238_00082.jpg
2024-08-17 22:27:21,562 - INFO - Downloading image (153-2-phys_00169.jpg):                        http://diglib.hab.de/drucke/153-2-phys/00169.jpg to furnace/153-2-phys_00169.jpg
2024-08-17 22:27:21,705 - INFO - Downloading image (218-quod-1s_00043.jpg):                        http://diglib.hab.de/drucke/218-quod-1s/00043.jpg to furnace/218-quod-1s_00043.jpg
2024-08-17 22:27:21,875 - INFO - Downloading image (30-med-2f-1s_00212.jpg):                        http://diglib.hab.de/drucke/30-med-2f-1s/00212.jpg to furnace/30-med-2f-1s_00212.jpg
2024-08-17 22:27:22,047 - INFO - Downloading image (26-8-med-2s_00050.jpg):                        http://diglib.hab.de/drucke/26-8-med-2s/00050.jpg to furnace/26-8-med-2s_00050.jpg
2024-08-17 22:27:22,238 - INFO - Downloading image (na-2f-4_00062.jpg):                        http://diglib.hab.de/drucke/na-2f-4/00062.jpg to furnace/na-2f-4_00062.jpg
2024-08-17 22:27:22,404 - INFO - Downloading image (96-1-phys_00091.jpg):                        http://diglib.hab.de/drucke/96-1-phys/00091.jpg to furnace/96-1-phys_00091.jpg
2024-08-17 22:27:22,565 - INFO - Downloading image (li-51_00184.jpg):                        http://diglib.hab.de/drucke/li-51/00184.jpg to furnace/li-51_00184.jpg
2024-08-17 22:27:22,737 - INFO - Downloading image (xb-149-1s_00439.jpg):                        http://diglib.hab.de/drucke/xb-149-1s/00439.jpg to furnace/xb-149-1s_00439.jpg
2024-08-17 22:27:22,902 - INFO - Downloading image (xb-12f-161_00081.jpg):                        http://diglib.hab.de/drucke/xb-12f-161/00081.jpg to furnace/xb-12f-161_00081.jpg
2024-08-17 22:27:23,103 - INFO - Downloading image (3-bell_00400.jpg):                        http://diglib.hab.de/drucke/3-bell/00400.jpg to furnace/3-bell_00400.jpg
2024-08-17 22:27:23,257 - INFO - Downloading image (3-bell_00213.jpg):                        http://diglib.hab.de/drucke/3-bell/00213.jpg to furnace/3-bell_00213.jpg
2024-08-17 22:27:23,413 - INFO - Downloading image (xb-3534_00009.jpg):                        http://diglib.hab.de/drucke/xb-3534/00009.jpg to furnace/xb-3534_00009.jpg
2024-08-17 22:27:23,606 - INFO - Downloading image (95-1-quod-2f-2s_00264.jpg):                        http://diglib.hab.de/drucke/95-1-quod-2f-2s/00264.jpg to furnace/95-1-quod-2f-2s_00264.jpg
2024-08-17 22:27:23,906 - INFO - Downloading image (95-1-quod-2f-2s_00074.jpg):                        http://diglib.hab.de/drucke/95-1-quod-2f-2s/00074.jpg to furnace/95-1-quod-2f-2s_00074.jpg
2024-08-17 22:27:24,074 - INFO - Downloading image (95-1-quod-2f-2s_00216.jpg):                        http://diglib.hab.de/drucke/95-1-quod-2f-2s/00216.jpg to furnace/95-1-quod-2f-2s_00216.jpg
2024-08-17 22:27:24,246 - INFO - Downloading image (xb-88-1_00235.jpg):                        http://diglib.hab.de/drucke/xb-88-1/00235.jpg to furnace/xb-88-1_00235.jpg
2024-08-17 22:27:24,423 - INFO - Downloading image (26-8-med-2s_00154.jpg):                        http://diglib.hab.de/drucke/26-8-med-2s/00154.jpg to furnace/26-8-med-2s_00154.jpg
2024-08-17 22:27:24,651 - INFO - Downloading image (46-med-4s_00001.jpg):                        http://diglib.hab.de/drucke/46-med-4s/00001.jpg to furnace/46-med-4s_00001.jpg
2024-08-17 22:27:24,847 - INFO - Downloading image (nd-2f-1-1b_00989.jpg):                        http://diglib.hab.de/drucke/nd-2f-1-1b/00989.jpg to furnace/nd-2f-1-1b_00989.jpg
2024-08-17 22:27:25,169 - INFO - Downloading image (nd-2f-1-1b_00111.jpg):                        http://diglib.hab.de/drucke/nd-2f-1-1b/00111.jpg to furnace/nd-2f-1-1b_00111.jpg
2024-08-17 22:27:25,403 - INFO - Downloading image (oc-77-1_00663.jpg):                        http://diglib.hab.de/drucke/oc-77-1/00663.jpg to furnace/oc-77-1_00663.jpg
2024-08-17 22:27:25,584 - INFO - Downloading image (oc-77-1_00006.jpg):                        http://diglib.hab.de/drucke/oc-77-1/00006.jpg to furnace/oc-77-1_00006.jpg
2024-08-17 22:27:25,778 - INFO - Downloading image (oc-77-1_00823.jpg):                        http://diglib.hab.de/drucke/oc-77-1/00823.jpg to furnace/oc-77-1_00823.jpg
2024-08-17 22:27:26,001 - INFO - Downloading image (oc-77-2_01231.jpg):                        http://diglib.hab.de/drucke/oc-77-2/01231.jpg to furnace/oc-77-2_01231.jpg
2024-08-17 22:27:26,202 - INFO - Downloading image (od-216_00091.jpg):                        http://diglib.hab.de/drucke/od-216/00091.jpg to furnace/od-216_00091.jpg
2024-08-17 22:27:26,363 - INFO - Downloading image (nd-4f-18_00407.jpg):                        http://diglib.hab.de/drucke/nd-4f-18/00407.jpg to furnace/nd-4f-18_00407.jpg
2024-08-17 22:27:26,533 - INFO - Downloading image (nd-4f-18_00387.jpg):                        http://diglib.hab.de/drucke/nd-4f-18/00387.jpg to furnace/nd-4f-18_00387.jpg
2024-08-17 22:27:26,734 - INFO - Downloading image (nd-4f-18_00385.jpg):                        http://diglib.hab.de/drucke/nd-4f-18/00385.jpg to furnace/nd-4f-18_00385.jpg
2024-08-17 22:27:26,909 - INFO - Downloading image (nd-4f-18_00377.jpg):                        http://diglib.hab.de/drucke/nd-4f-18/00377.jpg to furnace/nd-4f-18_00377.jpg
2024-08-17 22:27:27,080 - INFO - Downloading image (nd-4f-18_00383.jpg):                        http://diglib.hab.de/drucke/nd-4f-18/00383.jpg to furnace/nd-4f-18_00383.jpg
2024-08-17 22:27:27,264 - INFO - Downloading image (nd-4f-18_00364.jpg):                        http://diglib.hab.de/drucke/nd-4f-18/00364.jpg to furnace/nd-4f-18_00364.jpg
2024-08-17 22:27:27,402 - INFO - Downloading image (nd-4f-18_00370.jpg):                        http://diglib.hab.de/drucke/nd-4f-18/00370.jpg to furnace/nd-4f-18_00370.jpg
2024-08-17 22:27:27,581 - INFO - Downloading image (nd-4f-18_00359.jpg):                        http://diglib.hab.de/drucke/nd-4f-18/00359.jpg to furnace/nd-4f-18_00359.jpg
2024-08-17 22:27:27,765 - INFO - Downloading image (nd-4f-18_00356.jpg):                        http://diglib.hab.de/drucke/nd-4f-18/00356.jpg to furnace/nd-4f-18_00356.jpg
2024-08-17 22:27:27,933 - INFO - Downloading image (nd-4f-18_00357.jpg):                        http://diglib.hab.de/drucke/nd-4f-18/00357.jpg to furnace/nd-4f-18_00357.jpg
2024-08-17 22:27:28,114 - INFO - Downloading image (nd-4f-18_00554.jpg):                        http://diglib.hab.de/drucke/nd-4f-18/00554.jpg to furnace/nd-4f-18_00554.jpg
2024-08-17 22:27:28,276 - INFO - Downloading image (nd-4f-18_00345.jpg):                        http://diglib.hab.de/drucke/nd-4f-18/00345.jpg to furnace/nd-4f-18_00345.jpg
2024-08-17 22:27:28,432 - INFO - Downloading image (18-phys-2f_00218.jpg):                        http://diglib.hab.de/drucke/18-phys-2f/00218.jpg to furnace/18-phys-2f_00218.jpg
2024-08-17 22:27:28,638 - INFO - Downloading image (od-216_00083.jpg):                        http://diglib.hab.de/drucke/od-216/00083.jpg to furnace/od-216_00083.jpg
2024-08-17 22:27:28,834 - INFO - Downloading image (od-216_00229.jpg):                        http://diglib.hab.de/drucke/od-216/00229.jpg to furnace/od-216_00229.jpg
2024-08-17 22:27:28,996 - INFO - Downloading image (od-216_00345.jpg):                        http://diglib.hab.de/drucke/od-216/00345.jpg to furnace/od-216_00345.jpg
2024-08-17 22:27:29,158 - INFO - Downloading image (od-216_00371.jpg):                        http://diglib.hab.de/drucke/od-216/00371.jpg to furnace/od-216_00371.jpg
2024-08-17 22:27:29,316 - INFO - Downloading image (mf-2f-6-2b_00069.jpg):                        http://diglib.hab.de/drucke/mf-2f-6-2b/00069.jpg to furnace/mf-2f-6-2b_00069.jpg
2024-08-17 22:27:29,451 - INFO - Downloading image (416-quod-2s_00028.jpg):                        http://diglib.hab.de/drucke/416-quod-2s/00028.jpg to furnace/416-quod-2s_00028.jpg
2024-08-17 22:27:29,626 - INFO - Downloading image (74-phys_00454.jpg):                        http://diglib.hab.de/drucke/74-phys/00454.jpg to furnace/74-phys_00454.jpg
2024-08-17 22:27:29,777 - INFO - Downloading image (xb-9639_00005.jpg):                        http://diglib.hab.de/drucke/xb-9639/00005.jpg to furnace/xb-9639_00005.jpg
2024-08-17 22:27:29,950 - INFO - Downloading image (mf-69-1s_00422.jpg):                        http://diglib.hab.de/drucke/mf-69-1s/00422.jpg to furnace/mf-69-1s_00422.jpg
2024-08-17 22:27:30,158 - INFO - Downloading image (nd-4f-18_00404.jpg):                        http://diglib.hab.de/drucke/nd-4f-18/00404.jpg to furnace/nd-4f-18_00404.jpg
2024-08-17 22:27:30,446 - INFO - Downloading image (nd-4f-18_00405.jpg):                        http://diglib.hab.de/drucke/nd-4f-18/00405.jpg to furnace/nd-4f-18_00405.jpg
2024-08-17 22:27:30,771 - INFO - Downloading image (nd-4f-18_00375.jpg):                        http://diglib.hab.de/drucke/nd-4f-18/00375.jpg to furnace/nd-4f-18_00375.jpg
2024-08-17 22:27:30,938 - INFO - Downloading image (nd-4f-18_00373.jpg):                        http://diglib.hab.de/drucke/nd-4f-18/00373.jpg to furnace/nd-4f-18_00373.jpg
2024-08-17 22:27:31,111 - INFO - Downloading image (nd-4f-18_00555.jpg):                        http://diglib.hab.de/drucke/nd-4f-18/00555.jpg to furnace/nd-4f-18_00555.jpg
2024-08-17 22:27:31,292 - INFO - Downloading image (nd-4f-18_00352.jpg):                        http://diglib.hab.de/drucke/nd-4f-18/00352.jpg to furnace/nd-4f-18_00352.jpg
2024-08-17 22:27:31,474 - INFO - Downloading image (3-bell_00238.jpg):                        http://diglib.hab.de/drucke/3-bell/00238.jpg to furnace/3-bell_00238.jpg
2024-08-17 22:27:31,626 - INFO - Downloading image (3-bell_00232.jpg):                        http://diglib.hab.de/drucke/3-bell/00232.jpg to furnace/3-bell_00232.jpg
2024-08-17 22:27:31,783 - INFO - Downloading image (3-bell_00353.jpg):                        http://diglib.hab.de/drucke/3-bell/00353.jpg to furnace/3-bell_00353.jpg
2024-08-17 22:27:31,942 - INFO - Downloading image (95-1-quod-2f-2s_00100.jpg):                        http://diglib.hab.de/drucke/95-1-quod-2f-2s/00100.jpg to furnace/95-1-quod-2f-2s_00100.jpg
2024-08-17 22:27:32,136 - INFO - Downloading image (95-1-quod-2f-2s_00222.jpg):                        http://diglib.hab.de/drucke/95-1-quod-2f-2s/00222.jpg to furnace/95-1-quod-2f-2s_00222.jpg
2024-08-17 22:27:32,316 - INFO - Downloading image (35-1-phys-2f-1s_00082.jpg):                        http://diglib.hab.de/drucke/35-1-phys-2f-1s/00082.jpg to furnace/35-1-phys-2f-1s_00082.jpg
2024-08-17 22:27:32,504 - INFO - Downloading image (47-phys-2f_00005.jpg):                        http://diglib.hab.de/drucke/47-phys-2f/00005.jpg to furnace/47-phys-2f_00005.jpg
2024-08-17 22:27:32,660 - INFO - Downloading image (xb-3832_00091.jpg):                        http://diglib.hab.de/drucke/xb-3832/00091.jpg to furnace/xb-3832_00091.jpg
2024-08-17 22:27:32,845 - INFO - Downloading image (153-2-phys_00045.jpg):                        http://diglib.hab.de/drucke/153-2-phys/00045.jpg to furnace/153-2-phys_00045.jpg
2024-08-17 22:27:33,001 - INFO - Downloading image (30-med-2f-1s_00228.jpg):                        http://diglib.hab.de/drucke/30-med-2f-1s/00228.jpg to furnace/30-med-2f-1s_00228.jpg
2024-08-17 22:27:33,161 - INFO - Downloading image (nd-779_00174.jpg):                        http://diglib.hab.de/drucke/nd-779/00174.jpg to furnace/nd-779_00174.jpg
2024-08-17 22:27:33,322 - INFO - Downloading image (3-bell_00194.jpg):                        http://diglib.hab.de/drucke/3-bell/00194.jpg to furnace/3-bell_00194.jpg
2024-08-17 22:27:33,465 - INFO - Downloading image (3-bell_00352.jpg):                        http://diglib.hab.de/drucke/3-bell/00352.jpg to furnace/3-bell_00352.jpg
2024-08-17 22:27:33,615 - INFO - Downloading image (3-bell_00249.jpg):                        http://diglib.hab.de/drucke/3-bell/00249.jpg to furnace/3-bell_00249.jpg
2024-08-17 22:27:33,764 - INFO - Downloading image (oc-77-1_00660.jpg):                        http://diglib.hab.de/drucke/oc-77-1/00660.jpg to furnace/oc-77-1_00660.jpg
2024-08-17 22:27:33,935 - INFO - Downloading image (od-216_00087.jpg):                        http://diglib.hab.de/drucke/od-216/00087.jpg to furnace/od-216_00087.jpg
2024-08-17 22:27:34,082 - INFO - Downloading image (od-216_00395.jpg):                        http://diglib.hab.de/drucke/od-216/00395.jpg to furnace/od-216_00395.jpg
2024-08-17 22:27:34,253 - INFO - Downloading image (na-2f-3-1_00335.jpg):                        http://diglib.hab.de/drucke/na-2f-3-1/00335.jpg to furnace/na-2f-3-1_00335.jpg
2024-08-17 22:27:34,424 - INFO - Downloading image (xb-88-1_00259.jpg):                        http://diglib.hab.de/drucke/xb-88-1/00259.jpg to furnace/xb-88-1_00259.jpg
2024-08-17 22:27:34,606 - INFO - Downloading image (95-1-quod-2f-2s_00225.jpg):                        http://diglib.hab.de/drucke/95-1-quod-2f-2s/00225.jpg to furnace/95-1-quod-2f-2s_00225.jpg
2024-08-17 22:27:34,791 - INFO - Downloading image (35-1-phys-2f-1s_00051.jpg):                        http://diglib.hab.de/drucke/35-1-phys-2f-1s/00051.jpg to furnace/35-1-phys-2f-1s_00051.jpg
2024-08-17 22:27:34,931 - INFO - Downloading image (54-med-1s_00046.jpg):                        http://diglib.hab.de/drucke/54-med-1s/00046.jpg to furnace/54-med-1s_00046.jpg
2024-08-17 22:27:35,111 - INFO - Downloading image (nd-782-1_00946a.jpg):                        http://diglib.hab.de/drucke/nd-782-1/00946a.jpg to furnace/nd-782-1_00946a.jpg
2024-08-17 22:27:35,265 - INFO - Downloading image (nd-782-1_00938a.jpg):                        http://diglib.hab.de/drucke/nd-782-1/00938a.jpg to furnace/nd-782-1_00938a.jpg
2024-08-17 22:27:35,435 - INFO - Downloading image (18-phys-2f_00219.jpg):                        http://diglib.hab.de/drucke/18-phys-2f/00219.jpg to furnace/18-phys-2f_00219.jpg
2024-08-17 22:27:35,612 - INFO - Downloading image (nd-4f-18_00396.jpg):                        http://diglib.hab.de/drucke/nd-4f-18/00396.jpg to furnace/nd-4f-18_00396.jpg
2024-08-17 22:27:35,924 - INFO - Downloading image (nd-4f-18_00380.jpg):                        http://diglib.hab.de/drucke/nd-4f-18/00380.jpg to furnace/nd-4f-18_00380.jpg
2024-08-17 22:27:36,103 - INFO - Downloading image (nd-4f-18_00381.jpg):                        http://diglib.hab.de/drucke/nd-4f-18/00381.jpg to furnace/nd-4f-18_00381.jpg
2024-08-17 22:27:36,312 - INFO - Downloading image (nd-4f-18_00358.jpg):                        http://diglib.hab.de/drucke/nd-4f-18/00358.jpg to furnace/nd-4f-18_00358.jpg
2024-08-17 22:27:36,494 - INFO - Downloading image (nd-4f-18_00363.jpg):                        http://diglib.hab.de/drucke/nd-4f-18/00363.jpg to furnace/nd-4f-18_00363.jpg
2024-08-17 22:27:36,649 - INFO - Downloading image (nd-4f-18_00514.jpg):                        http://diglib.hab.de/drucke/nd-4f-18/00514.jpg to furnace/nd-4f-18_00514.jpg
2024-08-17 22:27:36,858 - INFO - Downloading image (nd-4f-18_00521.jpg):                        http://diglib.hab.de/drucke/nd-4f-18/00521.jpg to furnace/nd-4f-18_00521.jpg
2024-08-17 22:27:37,032 - INFO - Downloading image (nd-4f-18_00494.jpg):                        http://diglib.hab.de/drucke/nd-4f-18/00494.jpg to furnace/nd-4f-18_00494.jpg
2024-08-17 22:27:37,219 - INFO - Downloading image (153-2-phys_00181.jpg):                        http://diglib.hab.de/drucke/153-2-phys/00181.jpg to furnace/153-2-phys_00181.jpg
2024-08-17 22:27:37,342 - INFO - Downloading image (96-1-phys_00093.jpg):                        http://diglib.hab.de/drucke/96-1-phys/00093.jpg to furnace/96-1-phys_00093.jpg
2024-08-17 22:27:37,493 - INFO - Downloading image (xb-149-1s_00517.jpg):                        http://diglib.hab.de/drucke/xb-149-1s/00517.jpg to otherAlchemicalTools/xb-149-1s_00517.jpg
2024-08-17 22:27:37,663 - INFO - Downloading image (3-bell_00362.jpg):                        http://diglib.hab.de/drucke/3-bell/00362.jpg to otherAlchemicalTools/3-bell_00362.jpg
2024-08-17 22:27:37,806 - INFO - Downloading image (3-bell_00360.jpg):                        http://diglib.hab.de/drucke/3-bell/00360.jpg to otherAlchemicalTools/3-bell_00360.jpg
2024-08-17 22:27:37,979 - INFO - Downloading image (552-22-quod_00077.jpg):                        http://diglib.hab.de/drucke/552-22-quod/00077.jpg to otherAlchemicalTools/552-22-quod_00077.jpg
2024-08-17 22:27:38,160 - INFO - Downloading image (18-phys-2f_00185.jpg):                        http://diglib.hab.de/drucke/18-phys-2f/00185.jpg to otherAlchemicalTools/18-phys-2f_00185.jpg
2024-08-17 22:27:38,364 - INFO - Downloading image (3-bell_00364.jpg):                        http://diglib.hab.de/drucke/3-bell/00364.jpg to otherAlchemicalTools/3-bell_00364.jpg
2024-08-17 22:27:38,544 - INFO - Downloading image (xb-1648_00041.jpg):                        http://diglib.hab.de/drucke/xb-1648/00041.jpg to otherAlchemicalTools/xb-1648_00041.jpg
2024-08-17 22:27:38,692 - INFO - Downloading image (416-quod-2s_00029.jpg):                        http://diglib.hab.de/drucke/416-quod-2s/00029.jpg to otherAlchemicalTools/416-quod-2s_00029.jpg
2024-08-17 22:27:38,849 - INFO - Downloading image (29-2-med-2f_00009.jpg):                        http://diglib.hab.de/drucke/29-2-med-2f/00009.jpg to otherAlchemicalTools/29-2-med-2f_00009.jpg
2024-08-17 22:27:39,046 - INFO - Downloading image (18-phys-2f_00184.jpg):                        http://diglib.hab.de/drucke/18-phys-2f/00184.jpg to otherAlchemicalTools/18-phys-2f_00184.jpg
2024-08-17 22:27:39,232 - INFO - Downloading image (3-bell_00361.jpg):                        http://diglib.hab.de/drucke/3-bell/00361.jpg to otherAlchemicalTools/3-bell_00361.jpg
2024-08-17 22:27:39,387 - INFO - Downloading image (3-bell_00363.jpg):                        http://diglib.hab.de/drucke/3-bell/00363.jpg to otherAlchemicalTools/3-bell_00363.jpg
2024-08-17 22:27:39,543 - INFO - Downloading image (3-bell_00100.jpg):                        http://diglib.hab.de/drucke/3-bell/00100.jpg to otherAlchemicalTools/3-bell_00100.jpg
2024-08-17 22:27:39,689 - INFO - Total images downloaded: 491
